#
# There is insufficient memory for the Java Runtime Environment to continue.
# Native memory allocation (mmap) failed to map 26214400 bytes for G1 virtual space
# Possible reasons:
#   The system is out of physical RAM or swap space
#   The process is running with CompressedOops enabled, and the Java Heap may be blocking the growth of the native heap
# Possible solutions:
#   Reduce memory load on the system
#   Increase physical memory or swap space
#   Check if swap backing store is full
#   Decrease Java heap size (-Xmx/-Xms)
#   Decrease number of Java threads
#   Decrease Java thread stack sizes (-Xss)
#   Set larger code cache with -XX:ReservedCodeCacheSize=
#   JVM is running with Unscaled Compressed Oops mode in which the Java heap is
#     placed in the first 4GB address space. The Java Heap base address is the
#     maximum limit for the native heap growth. Please use -XX:HeapBaseMinAddress
#     to set the Java Heap base and to place the Java Heap above 4GB virtual address.
# This output file may be truncated or incomplete.
#
#  Out of Memory Error (os_windows.cpp:3771), pid=18352, tid=24476
#
# JRE version: OpenJDK Runtime Environment (17.0.7) (build 17.0.7+0-b2043.56-10550314)
# Java VM: OpenJDK 64-Bit Server VM (17.0.7+0-b2043.56-10550314, mixed mode, tiered, compressed oops, compressed class ptrs, g1 gc, windows-amd64)
# No core dump will be written. Minidumps are not enabled by default on client versions of Windows
#

---------------  S U M M A R Y ------------

Command Line: --add-opens=java.base/java.util=ALL-UNNAMED --add-opens=java.base/java.lang=ALL-UNNAMED --add-opens=java.base/java.lang.invoke=ALL-UNNAMED --add-opens=java.prefs/java.util.prefs=ALL-UNNAMED --add-opens=java.base/java.nio.charset=ALL-UNNAMED --add-opens=java.base/java.net=ALL-UNNAMED --add-opens=java.base/java.util.concurrent.atomic=ALL-UNNAMED -Xmx2048m -Dfile.encoding=UTF-8 -Duser.country=MY -Duser.language=en -Duser.variant -javaagent:C:\Users\lenovo\.gradle\wrapper\dists\gradle-8.2-bin\bbg7u40eoinfdyxsxr3z4i7ta\gradle-8.2\lib\agents\gradle-instrumentation-agent-8.2.jar org.gradle.launcher.daemon.bootstrap.GradleDaemon 8.2

Host: AMD Ryzen 7 5700U with Radeon Graphics         , 16 cores, 13G,  Windows 11 , 64 bit Build 22621 (10.0.22621.3085)
Time: Sun Mar 10 13:16:10 2024 Malay Peninsula Standard Time elapsed time: 7.863199 seconds (0d 0h 0m 7s)

---------------  T H R E A D  ---------------

Current thread (0x0000021ee0192b60):  VMThread "VM Thread" [stack: 0x0000002a3a800000,0x0000002a3a900000] [id=24476]

Stack: [0x0000002a3a800000,0x0000002a3a900000]
Native frames: (J=compiled Java code, j=interpreted, Vv=VM code, C=native code)
V  [jvm.dll+0x683bfa]
V  [jvm.dll+0x8430a4]
V  [jvm.dll+0x8449be]
V  [jvm.dll+0x845023]
V  [jvm.dll+0x24ad2f]
V  [jvm.dll+0x680ac9]
V  [jvm.dll+0x67519a]
V  [jvm.dll+0x30b3cb]
V  [jvm.dll+0x312876]
V  [jvm.dll+0x36221e]
V  [jvm.dll+0x36244f]
V  [jvm.dll+0x2e14a8]
V  [jvm.dll+0x2df684]
V  [jvm.dll+0x2dec8c]
V  [jvm.dll+0x323b51]
V  [jvm.dll+0x8496eb]
V  [jvm.dll+0x84a424]
V  [jvm.dll+0x84a93d]
V  [jvm.dll+0x84ad14]
V  [jvm.dll+0x84ade0]
V  [jvm.dll+0x7f2aea]
V  [jvm.dll+0x682a35]
C  [ucrtbase.dll+0x29363]
C  [KERNEL32.DLL+0x1257d]
C  [ntdll.dll+0x5aa58]

VM_Operation (0x0000002a3c3f63b0): G1TryInitiateConcMark, mode: safepoint, requested by thread 0x0000021ee71ff420


---------------  P R O C E S S  ---------------

Threads class SMR info:
_java_thread_list=0x0000021ee8e303b0, length=72, elements={
0x0000021ec587ec00, 0x0000021ee031dbb0, 0x0000021ee031ea20, 0x0000021ee0357270,
0x0000021ee0368cd0, 0x0000021ee036b5a0, 0x0000021ee036be60, 0x0000021ee036cbf0,
0x0000021ee036d690, 0x0000021ee0370490, 0x0000021ee0176690, 0x0000021ee04804d0,
0x0000021ee04809e0, 0x0000021ee0539010, 0x0000021ee06d4ba0, 0x0000021ee6a238c0,
0x0000021ee516aad0, 0x0000021ee7201100, 0x0000021ee71ffdc0, 0x0000021ee7200290,
0x0000021ee72015d0, 0x0000021ee71ff420, 0x0000021ee71ff8f0, 0x0000021ee7201aa0,
0x0000021ee7201f70, 0x0000021ee71fe5b0, 0x0000021ee71fea80, 0x0000021ee6af9860,
0x0000021ee742d730, 0x0000021ee71fef50, 0x0000021ee7200760, 0x0000021ee7200c30,
0x0000021ee7ce7fc0, 0x0000021ee7ce7620, 0x0000021ee7ce4ad0, 0x0000021ee7ce8490,
0x0000021ee7ce5470, 0x0000021ee7ce8e30, 0x0000021ee7ce7af0, 0x0000021ee7ce97d0,
0x0000021ee7ce67b0, 0x0000021ee7ce4600, 0x0000021ee7ce8960, 0x0000021ee7ce4fa0,
0x0000021ee7ceab10, 0x0000021ee7ce9300, 0x0000021ee7ce5940, 0x0000021ee7ce9ca0,
0x0000021ee7cea170, 0x0000021ee7cea640, 0x0000021ee7ceafe0, 0x0000021ee7ceb4b0,
0x0000021ee7ceb980, 0x0000021ee7cebe50, 0x0000021ee55dfd50, 0x0000021ee600a3f0,
0x0000021ee60043b0, 0x0000021ee6008710, 0x0000021ee6003070, 0x0000021ee60073d0,
0x0000021ee6003a10, 0x0000021ee6006f00, 0x0000021ee6003540, 0x0000021ee6004880,
0x0000021ee6009a50, 0x0000021ee6009f20, 0x0000021ee6003ee0, 0x0000021ee600a8c0,
0x0000021ee6005bc0, 0x0000021ee60090b0, 0x0000021ee6004d50, 0x0000021ee60078a0
}

Java Threads: ( => current thread )
  0x0000021ec587ec00 JavaThread "main" [_thread_blocked, id=16864, stack(0x0000002a3a200000,0x0000002a3a300000)]
  0x0000021ee031dbb0 JavaThread "Reference Handler" daemon [_thread_blocked, id=1608, stack(0x0000002a3a900000,0x0000002a3aa00000)]
  0x0000021ee031ea20 JavaThread "Finalizer" daemon [_thread_blocked, id=16208, stack(0x0000002a3aa00000,0x0000002a3ab00000)]
  0x0000021ee0357270 JavaThread "Signal Dispatcher" daemon [_thread_blocked, id=16820, stack(0x0000002a3ab00000,0x0000002a3ac00000)]
  0x0000021ee0368cd0 JavaThread "Attach Listener" daemon [_thread_blocked, id=17200, stack(0x0000002a3ac00000,0x0000002a3ad00000)]
  0x0000021ee036b5a0 JavaThread "Service Thread" daemon [_thread_blocked, id=19864, stack(0x0000002a3ad00000,0x0000002a3ae00000)]
  0x0000021ee036be60 JavaThread "Monitor Deflation Thread" daemon [_thread_blocked, id=16892, stack(0x0000002a3ae00000,0x0000002a3af00000)]
  0x0000021ee036cbf0 JavaThread "C2 CompilerThread0" daemon [_thread_blocked, id=16540, stack(0x0000002a3af00000,0x0000002a3b000000)]
  0x0000021ee036d690 JavaThread "C1 CompilerThread0" daemon [_thread_blocked, id=15136, stack(0x0000002a3b000000,0x0000002a3b100000)]
  0x0000021ee0370490 JavaThread "Sweeper thread" daemon [_thread_blocked, id=4380, stack(0x0000002a3b100000,0x0000002a3b200000)]
  0x0000021ee0176690 JavaThread "Common-Cleaner" daemon [_thread_blocked, id=11584, stack(0x0000002a3b200000,0x0000002a3b300000)]
  0x0000021ee04804d0 JavaThread "C1 CompilerThread1" daemon [_thread_blocked, id=8644, stack(0x0000002a3b300000,0x0000002a3b400000)]
  0x0000021ee04809e0 JavaThread "C1 CompilerThread2" daemon [_thread_blocked, id=16460, stack(0x0000002a3b400000,0x0000002a3b500000)]
  0x0000021ee0539010 JavaThread "C1 CompilerThread3" daemon [_thread_blocked, id=7460, stack(0x0000002a3b500000,0x0000002a3b600000)]
  0x0000021ee06d4ba0 JavaThread "Notification Thread" daemon [_thread_blocked, id=21472, stack(0x0000002a3b600000,0x0000002a3b700000)]
  0x0000021ee6a238c0 JavaThread "Daemon health stats" [_thread_blocked, id=22648, stack(0x0000002a3be00000,0x0000002a3bf00000)]
  0x0000021ee516aad0 JavaThread "Incoming local TCP Connector on port 51196" [_thread_in_native, id=22512, stack(0x0000002a3b900000,0x0000002a3ba00000)]
  0x0000021ee7201100 JavaThread "Daemon periodic checks" [_thread_blocked, id=8016, stack(0x0000002a3bf00000,0x0000002a3c000000)]
  0x0000021ee71ffdc0 JavaThread "Daemon" [_thread_blocked, id=8460, stack(0x0000002a3c000000,0x0000002a3c100000)]
  0x0000021ee7200290 JavaThread "Handler for socket connection from /127.0.0.1:51196 to /127.0.0.1:51197" [_thread_in_native, id=2304, stack(0x0000002a3c100000,0x0000002a3c200000)]
  0x0000021ee72015d0 JavaThread "Cancel handler" [_thread_blocked, id=6796, stack(0x0000002a3c200000,0x0000002a3c300000)]
  0x0000021ee71ff420 JavaThread "Daemon worker" [_thread_blocked, id=7208, stack(0x0000002a3c300000,0x0000002a3c400000)]
  0x0000021ee71ff8f0 JavaThread "Asynchronous log dispatcher for DefaultDaemonConnection: socket connection from /127.0.0.1:51196 to /127.0.0.1:51197" [_thread_blocked, id=100, stack(0x0000002a3c400000,0x0000002a3c500000)]
  0x0000021ee7201aa0 JavaThread "Stdin handler" [_thread_blocked, id=13808, stack(0x0000002a3c500000,0x0000002a3c600000)]
  0x0000021ee7201f70 JavaThread "Daemon client event forwarder" [_thread_blocked, id=9496, stack(0x0000002a3c600000,0x0000002a3c700000)]
  0x0000021ee71fe5b0 JavaThread "Cache worker for journal cache (C:\Users\lenovo\.gradle\caches\journal-1)" [_thread_blocked, id=4196, stack(0x0000002a3d000000,0x0000002a3d100000)]
  0x0000021ee71fea80 JavaThread "File lock request listener" [_thread_in_native, id=24844, stack(0x0000002a3d100000,0x0000002a3d200000)]
  0x0000021ee6af9860 JavaThread "C2 CompilerThread1" daemon [_thread_blocked, id=24924, stack(0x0000002a3d200000,0x0000002a3d300000)]
  0x0000021ee742d730 JavaThread "C2 CompilerThread2" daemon [_thread_blocked, id=6384, stack(0x0000002a3d300000,0x0000002a3d400000)]
  0x0000021ee71fef50 JavaThread "Cache worker for file hash cache (C:\Users\lenovo\.gradle\caches\8.2\fileHashes)" [_thread_blocked, id=360, stack(0x0000002a3d400000,0x0000002a3d500000)]
  0x0000021ee7200760 JavaThread "File watcher server" daemon [_thread_in_native, id=5144, stack(0x0000002a3d500000,0x0000002a3d600000)]
  0x0000021ee7200c30 JavaThread "File watcher consumer" daemon [_thread_blocked, id=24320, stack(0x0000002a3d600000,0x0000002a3d700000)]
  0x0000021ee7ce7fc0 JavaThread "jar transforms" [_thread_blocked, id=11652, stack(0x0000002a3d700000,0x0000002a3d800000)]
  0x0000021ee7ce7620 JavaThread "jar transforms Thread 2" [_thread_blocked, id=824, stack(0x0000002a3d800000,0x0000002a3d900000)]
  0x0000021ee7ce4ad0 JavaThread "jar transforms Thread 3" [_thread_blocked, id=11132, stack(0x0000002a3d900000,0x0000002a3da00000)]
  0x0000021ee7ce8490 JavaThread "jar transforms Thread 4" [_thread_blocked, id=10672, stack(0x0000002a3da00000,0x0000002a3db00000)]
  0x0000021ee7ce5470 JavaThread "jar transforms Thread 5" [_thread_blocked, id=24996, stack(0x0000002a3db00000,0x0000002a3dc00000)]
  0x0000021ee7ce8e30 JavaThread "jar transforms Thread 6" [_thread_blocked, id=15208, stack(0x0000002a3dc00000,0x0000002a3dd00000)]
  0x0000021ee7ce7af0 JavaThread "jar transforms Thread 7" [_thread_blocked, id=18712, stack(0x0000002a3dd00000,0x0000002a3de00000)]
  0x0000021ee7ce97d0 JavaThread "jar transforms Thread 8" [_thread_blocked, id=14944, stack(0x0000002a3de00000,0x0000002a3df00000)]
  0x0000021ee7ce67b0 JavaThread "jar transforms Thread 9" [_thread_blocked, id=23716, stack(0x0000002a3df00000,0x0000002a3e000000)]
  0x0000021ee7ce4600 JavaThread "jar transforms Thread 10" [_thread_blocked, id=11568, stack(0x0000002a3e000000,0x0000002a3e100000)]
  0x0000021ee7ce8960 JavaThread "jar transforms Thread 11" [_thread_blocked, id=15320, stack(0x0000002a3e100000,0x0000002a3e200000)]
  0x0000021ee7ce4fa0 JavaThread "jar transforms Thread 12" [_thread_blocked, id=8520, stack(0x0000002a3e200000,0x0000002a3e300000)]
  0x0000021ee7ceab10 JavaThread "jar transforms Thread 13" [_thread_blocked, id=10044, stack(0x0000002a3e300000,0x0000002a3e400000)]
  0x0000021ee7ce9300 JavaThread "jar transforms Thread 14" [_thread_blocked, id=21328, stack(0x0000002a3e400000,0x0000002a3e500000)]
  0x0000021ee7ce5940 JavaThread "jar transforms Thread 15" [_thread_blocked, id=12700, stack(0x0000002a3e500000,0x0000002a3e600000)]
  0x0000021ee7ce9ca0 JavaThread "jar transforms Thread 16" [_thread_blocked, id=12408, stack(0x0000002a3e600000,0x0000002a3e700000)]
  0x0000021ee7cea170 JavaThread "Cache worker for checksums cache (C:\Users\lenovo\AndroidStudioProjects\MyContactDetails\.gradle\8.2\checksums)" [_thread_blocked, id=20308, stack(0x0000002a3e700000,0x0000002a3e800000)]
  0x0000021ee7cea640 JavaThread "Cache worker for cache directory md-rule (C:\Users\lenovo\.gradle\caches\8.2\md-rule)" [_thread_blocked, id=10876, stack(0x0000002a3e800000,0x0000002a3e900000)]
  0x0000021ee7ceafe0 JavaThread "Cache worker for file content cache (C:\Users\lenovo\.gradle\caches\8.2\fileContent)" [_thread_blocked, id=2228, stack(0x0000002a3e900000,0x0000002a3ea00000)]
  0x0000021ee7ceb4b0 JavaThread "Cache worker for file hash cache (C:\Users\lenovo\AndroidStudioProjects\MyContactDetails\.gradle\8.2\fileHashes)" [_thread_blocked, id=9468, stack(0x0000002a3ea00000,0x0000002a3eb00000)]
  0x0000021ee7ceb980 JavaThread "Cache worker for cache directory md-supplier (C:\Users\lenovo\.gradle\caches\8.2\md-supplier)" [_thread_blocked, id=4640, stack(0x0000002a3eb00000,0x0000002a3ec00000)]
  0x0000021ee7cebe50 JavaThread "Cache worker for execution history cache (C:\Users\lenovo\.gradle\caches\8.2\executionHistory)" [_thread_blocked, id=18988, stack(0x0000002a3ec00000,0x0000002a3ed00000)]
  0x0000021ee55dfd50 JavaThread "C2 CompilerThread3" daemon [_thread_blocked, id=21836, stack(0x0000002a3ed00000,0x0000002a3ee00000)]
  0x0000021ee600a3f0 JavaThread "Cache worker for dependencies-accessors (C:\Users\lenovo\AndroidStudioProjects\MyContactDetails\.gradle\8.2\dependencies-accessors)" [_thread_blocked, id=928, stack(0x0000002a3ee00000,0x0000002a3ef00000)]
  0x0000021ee60043b0 JavaThread "Cache worker for Build Output Cleanup Cache (C:\Users\lenovo\AndroidStudioProjects\MyContactDetails\.gradle\buildOutputCleanup)" [_thread_blocked, id=1176, stack(0x0000002a3ef00000,0x0000002a3f000000)]
  0x0000021ee6008710 JavaThread "Unconstrained build operations" [_thread_blocked, id=13132, stack(0x0000002a3f000000,0x0000002a3f100000)]
  0x0000021ee6003070 JavaThread "Unconstrained build operations Thread 2" [_thread_blocked, id=11520, stack(0x0000002a3f100000,0x0000002a3f200000)]
  0x0000021ee60073d0 JavaThread "Unconstrained build operations Thread 3" [_thread_blocked, id=18972, stack(0x0000002a3f200000,0x0000002a3f300000)]
  0x0000021ee6003a10 JavaThread "Unconstrained build operations Thread 4" [_thread_blocked, id=21228, stack(0x0000002a3f300000,0x0000002a3f400000)]
  0x0000021ee6006f00 JavaThread "Unconstrained build operations Thread 5" [_thread_blocked, id=12616, stack(0x0000002a3f400000,0x0000002a3f500000)]
  0x0000021ee6003540 JavaThread "Unconstrained build operations Thread 6" [_thread_blocked, id=2336, stack(0x0000002a3f500000,0x0000002a3f600000)]
  0x0000021ee6004880 JavaThread "Unconstrained build operations Thread 7" [_thread_blocked, id=12396, stack(0x0000002a3f600000,0x0000002a3f700000)]
  0x0000021ee6009a50 JavaThread "Unconstrained build operations Thread 8" [_thread_blocked, id=24976, stack(0x0000002a3f700000,0x0000002a3f800000)]
  0x0000021ee6009f20 JavaThread "Unconstrained build operations Thread 9" [_thread_blocked, id=6140, stack(0x0000002a3f800000,0x0000002a3f900000)]
  0x0000021ee6003ee0 JavaThread "Unconstrained build operations Thread 10" [_thread_blocked, id=23852, stack(0x0000002a3f900000,0x0000002a3fa00000)]
  0x0000021ee600a8c0 JavaThread "Unconstrained build operations Thread 11" [_thread_blocked, id=20176, stack(0x0000002a3fa00000,0x0000002a3fb00000)]
  0x0000021ee6005bc0 JavaThread "Unconstrained build operations Thread 12" [_thread_blocked, id=25096, stack(0x0000002a3fb00000,0x0000002a3fc00000)]
  0x0000021ee60090b0 JavaThread "Unconstrained build operations Thread 13" [_thread_blocked, id=8088, stack(0x0000002a3fc00000,0x0000002a3fd00000)]
  0x0000021ee6004d50 JavaThread "Unconstrained build operations Thread 14" [_thread_blocked, id=12268, stack(0x0000002a3fd00000,0x0000002a3fe00000)]
  0x0000021ee60078a0 JavaThread "Unconstrained build operations Thread 15" [_thread_blocked, id=8324, stack(0x0000002a3fe00000,0x0000002a3ff00000)]

Other Threads:
=>0x0000021ee0192b60 VMThread "VM Thread" [stack: 0x0000002a3a800000,0x0000002a3a900000] [id=24476]
  0x0000021ec587fa70 WatcherThread [stack: 0x0000002a3b700000,0x0000002a3b800000] [id=24868]
  0x0000021ec58dac60 GCTaskThread "GC Thread#0" [stack: 0x0000002a3a300000,0x0000002a3a400000] [id=22628]
  0x0000021ee6294750 GCTaskThread "GC Thread#1" [stack: 0x0000002a3ba00000,0x0000002a3bb00000] [id=10688]
  0x0000021ee5890ef0 GCTaskThread "GC Thread#2" [stack: 0x0000002a3bb00000,0x0000002a3bc00000] [id=18124]
  0x0000021ee58911a0 GCTaskThread "GC Thread#3" [stack: 0x0000002a3bc00000,0x0000002a3bd00000] [id=1192]
  0x0000021ee5891450 GCTaskThread "GC Thread#4" [stack: 0x0000002a3bd00000,0x0000002a3be00000] [id=17364]
  0x0000021ee5633540 GCTaskThread "GC Thread#5" [stack: 0x0000002a3b800000,0x0000002a3b900000] [id=6876]
  0x0000021ee5632d30 GCTaskThread "GC Thread#6" [stack: 0x0000002a3c700000,0x0000002a3c800000] [id=3440]
  0x0000021ee56337f0 GCTaskThread "GC Thread#7" [stack: 0x0000002a3c800000,0x0000002a3c900000] [id=12668]
  0x0000021ee5634810 GCTaskThread "GC Thread#8" [stack: 0x0000002a3c900000,0x0000002a3ca00000] [id=2544]
  0x0000021ee56342b0 GCTaskThread "GC Thread#9" [stack: 0x0000002a3ca00000,0x0000002a3cb00000] [id=888]
  0x0000021ee5634560 GCTaskThread "GC Thread#10" [stack: 0x0000002a3cb00000,0x0000002a3cc00000] [id=13480]
  0x0000021ee5632fe0 GCTaskThread "GC Thread#11" [stack: 0x0000002a3cc00000,0x0000002a3cd00000] [id=8936]
  0x0000021ee5633290 GCTaskThread "GC Thread#12" [stack: 0x0000002a3cd00000,0x0000002a3ce00000] [id=24636]
  0x0000021ec58ebba0 ConcurrentGCThread "G1 Main Marker" [stack: 0x0000002a3a400000,0x0000002a3a500000] [id=13168]
  0x0000021ec58ec5b0 ConcurrentGCThread "G1 Conc#0" [stack: 0x0000002a3a500000,0x0000002a3a600000] [id=22336]
  0x0000021ee7166060 ConcurrentGCThread "G1 Conc#1" [stack: 0x0000002a3ce00000,0x0000002a3cf00000] [id=23524]
  0x0000021ee7167330 ConcurrentGCThread "G1 Conc#2" [stack: 0x0000002a3cf00000,0x0000002a3d000000] [id=4900]
  0x0000021ee00409e0 ConcurrentGCThread "G1 Refine#0" [stack: 0x0000002a3a600000,0x0000002a3a700000] [id=16792]
  0x0000021ee0041400 ConcurrentGCThread "G1 Service" [stack: 0x0000002a3a700000,0x0000002a3a800000] [id=10896]

Threads with active compile tasks:
C2 CompilerThread3     7882 6522       4       java.util.HashMap::getNode (150 bytes)

VM state: at safepoint (normal execution)

VM Mutex/Monitor currently owned by a thread:  ([mutex/lock_event])
[0x0000021ec5879c80] Threads_lock - owner thread: 0x0000021ee0192b60
[0x0000021ec587ab20] Heap_lock - owner thread: 0x0000021ee71ff420

Heap address: 0x0000000080000000, size: 2048 MB, Compressed Oops mode: 32-bit

CDS archive(s) not mapped
Compressed class space mapped at: 0x0000000100000000-0x0000000140000000, reserved size: 1073741824
Narrow klass base: 0x0000000000000000, Narrow klass shift: 3, Narrow klass range: 0x140000000

GC Precious Log:
 CPUs: 16 total, 16 available
 Memory: 14181M
 Large Page Support: Disabled
 NUMA Support: Disabled
 Compressed Oops: Enabled (32-bit)
 Heap Region Size: 1M
 Heap Min Capacity: 8M
 Heap Initial Capacity: 222M
 Heap Max Capacity: 2G
 Pre-touch: Disabled
 Parallel Workers: 13
 Concurrent Workers: 3
 Concurrent Refinement Workers: 13
 Periodic GC: Disabled

Heap:
 garbage-first heap   total 128000K, used 78204K [0x0000000080000000, 0x0000000100000000)
  region size 1024K, 5 young (5120K), 5 survivors (5120K)
 Metaspace       used 56415K, committed 57088K, reserved 1114112K
  class space    used 7565K, committed 7872K, reserved 1048576K

Heap Regions: E=young(eden), S=young(survivor), O=old, HS=humongous(starts), HC=humongous(continues), CS=collection set, F=free, OA=open archive, CA=closed archive, TAMS=top-at-mark-start (previous, next)
|   0|0x0000000080000000, 0x0000000080100000, 0x0000000080100000|100%|HS|  |TAMS 0x0000000080100000, 0x0000000080100000| Complete 
|   1|0x0000000080100000, 0x0000000080200000, 0x0000000080200000|100%|HC|  |TAMS 0x0000000080200000, 0x0000000080200000| Complete 
|   2|0x0000000080200000, 0x0000000080300000, 0x0000000080300000|100%|HC|  |TAMS 0x0000000080300000, 0x0000000080300000| Complete 
|   3|0x0000000080300000, 0x0000000080400000, 0x0000000080400000|100%|HC|  |TAMS 0x0000000080400000, 0x0000000080400000| Complete 
|   4|0x0000000080400000, 0x0000000080500000, 0x0000000080500000|100%| O|  |TAMS 0x0000000080500000, 0x0000000080500000| Untracked 
|   5|0x0000000080500000, 0x0000000080600000, 0x0000000080600000|100%| O|  |TAMS 0x0000000080600000, 0x0000000080600000| Untracked 
|   6|0x0000000080600000, 0x0000000080700000, 0x0000000080700000|100%| O|  |TAMS 0x0000000080700000, 0x0000000080700000| Untracked 
|   7|0x0000000080700000, 0x0000000080800000, 0x0000000080800000|100%| O|  |TAMS 0x0000000080800000, 0x0000000080800000| Untracked 
|   8|0x0000000080800000, 0x0000000080900000, 0x0000000080900000|100%| O|  |TAMS 0x0000000080900000, 0x0000000080900000| Untracked 
|   9|0x0000000080900000, 0x0000000080a00000, 0x0000000080a00000|100%| O|  |TAMS 0x0000000080a00000, 0x0000000080a00000| Untracked 
|  10|0x0000000080a00000, 0x0000000080b00000, 0x0000000080b00000|100%| O|  |TAMS 0x0000000080b00000, 0x0000000080b00000| Untracked 
|  11|0x0000000080b00000, 0x0000000080b75600, 0x0000000080c00000| 45%| O|  |TAMS 0x0000000080b75600, 0x0000000080b75600| Untracked 
|  12|0x0000000080c00000, 0x0000000080d00000, 0x0000000080d00000|100%| O|  |TAMS 0x0000000080d00000, 0x0000000080d00000| Untracked 
|  13|0x0000000080d00000, 0x0000000080e00000, 0x0000000080e00000|100%| O|  |TAMS 0x0000000080e00000, 0x0000000080e00000| Untracked 
|  14|0x0000000080e00000, 0x0000000080f00000, 0x0000000080f00000|100%| O|  |TAMS 0x0000000080f00000, 0x0000000080f00000| Untracked 
|  15|0x0000000080f00000, 0x0000000081000000, 0x0000000081000000|100%| O|  |TAMS 0x0000000081000000, 0x0000000081000000| Untracked 
|  16|0x0000000081000000, 0x0000000081100000, 0x0000000081100000|100%| O|  |TAMS 0x0000000081100000, 0x0000000081100000| Untracked 
|  17|0x0000000081100000, 0x0000000081200000, 0x0000000081200000|100%| O|  |TAMS 0x0000000081200000, 0x0000000081200000| Untracked 
|  18|0x0000000081200000, 0x0000000081300000, 0x0000000081300000|100%| O|  |TAMS 0x0000000081300000, 0x0000000081300000| Untracked 
|  19|0x0000000081300000, 0x0000000081400000, 0x0000000081400000|100%|HS|  |TAMS 0x0000000081400000, 0x0000000081400000| Complete 
|  20|0x0000000081400000, 0x0000000081500000, 0x0000000081500000|100%|HC|  |TAMS 0x0000000081500000, 0x0000000081500000| Complete 
|  21|0x0000000081500000, 0x0000000081600000, 0x0000000081600000|100%|HS|  |TAMS 0x0000000081600000, 0x0000000081600000| Complete 
|  22|0x0000000081600000, 0x0000000081700000, 0x0000000081700000|100%|HC|  |TAMS 0x0000000081700000, 0x0000000081700000| Complete 
|  23|0x0000000081700000, 0x0000000081800000, 0x0000000081800000|100%|HC|  |TAMS 0x0000000081800000, 0x0000000081800000| Complete 
|  24|0x0000000081800000, 0x0000000081900000, 0x0000000081900000|100%|HS|  |TAMS 0x0000000081900000, 0x0000000081900000| Complete 
|  25|0x0000000081900000, 0x0000000081a00000, 0x0000000081a00000|100%|HC|  |TAMS 0x0000000081a00000, 0x0000000081a00000| Complete 
|  26|0x0000000081a00000, 0x0000000081b00000, 0x0000000081b00000|100%| O|  |TAMS 0x0000000081b00000, 0x0000000081b00000| Untracked 
|  27|0x0000000081b00000, 0x0000000081c00000, 0x0000000081c00000|100%| O|  |TAMS 0x0000000081c00000, 0x0000000081c00000| Untracked 
|  28|0x0000000081c00000, 0x0000000081d00000, 0x0000000081d00000|100%|HS|  |TAMS 0x0000000081d00000, 0x0000000081d00000| Complete 
|  29|0x0000000081d00000, 0x0000000081e00000, 0x0000000081e00000|100%|HC|  |TAMS 0x0000000081e00000, 0x0000000081e00000| Complete 
|  30|0x0000000081e00000, 0x0000000081f00000, 0x0000000081f00000|100%|HC|  |TAMS 0x0000000081f00000, 0x0000000081f00000| Complete 
|  31|0x0000000081f00000, 0x0000000082000000, 0x0000000082000000|100%|HC|  |TAMS 0x0000000082000000, 0x0000000082000000| Complete 
|  32|0x0000000082000000, 0x0000000082100000, 0x0000000082100000|100%|HC|  |TAMS 0x0000000082100000, 0x0000000082100000| Complete 
|  33|0x0000000082100000, 0x0000000082200000, 0x0000000082200000|100%|HC|  |TAMS 0x0000000082200000, 0x0000000082200000| Complete 
|  34|0x0000000082200000, 0x0000000082300000, 0x0000000082300000|100%|HC|  |TAMS 0x0000000082300000, 0x0000000082300000| Complete 
|  35|0x0000000082300000, 0x0000000082400000, 0x0000000082400000|100%|HC|  |TAMS 0x0000000082400000, 0x0000000082400000| Complete 
|  36|0x0000000082400000, 0x0000000082500000, 0x0000000082500000|100%|HC|  |TAMS 0x0000000082500000, 0x0000000082500000| Complete 
|  37|0x0000000082500000, 0x0000000082600000, 0x0000000082600000|100%|HC|  |TAMS 0x0000000082600000, 0x0000000082600000| Complete 
|  38|0x0000000082600000, 0x0000000082700000, 0x0000000082700000|100%|HC|  |TAMS 0x0000000082700000, 0x0000000082700000| Complete 
|  39|0x0000000082700000, 0x0000000082800000, 0x0000000082800000|100%|HC|  |TAMS 0x0000000082800000, 0x0000000082800000| Complete 
|  40|0x0000000082800000, 0x0000000082900000, 0x0000000082900000|100%| O|  |TAMS 0x0000000082900000, 0x0000000082900000| Untracked 
|  41|0x0000000082900000, 0x0000000082a00000, 0x0000000082a00000|100%| O|  |TAMS 0x0000000082a00000, 0x0000000082a00000| Untracked 
|  42|0x0000000082a00000, 0x0000000082b00000, 0x0000000082b00000|100%| O|  |TAMS 0x0000000082b00000, 0x0000000082b00000| Untracked 
|  43|0x0000000082b00000, 0x0000000082c00000, 0x0000000082c00000|100%| O|  |TAMS 0x0000000082c00000, 0x0000000082c00000| Untracked 
|  44|0x0000000082c00000, 0x0000000082d00000, 0x0000000082d00000|100%|HS|  |TAMS 0x0000000082d00000, 0x0000000082d00000| Complete 
|  45|0x0000000082d00000, 0x0000000082e00000, 0x0000000082e00000|100%|HC|  |TAMS 0x0000000082e00000, 0x0000000082e00000| Complete 
|  46|0x0000000082e00000, 0x0000000082f00000, 0x0000000082f00000|100%| O|  |TAMS 0x0000000082f00000, 0x0000000082f00000| Untracked 
|  47|0x0000000082f00000, 0x0000000083000000, 0x0000000083000000|100%| O|  |TAMS 0x0000000083000000, 0x0000000083000000| Untracked 
|  48|0x0000000083000000, 0x0000000083100000, 0x0000000083100000|100%| O|  |TAMS 0x0000000083100000, 0x0000000083100000| Untracked 
|  49|0x0000000083100000, 0x0000000083200000, 0x0000000083200000|100%| O|  |TAMS 0x0000000083200000, 0x0000000083200000| Untracked 
|  50|0x0000000083200000, 0x0000000083300000, 0x0000000083300000|100%| O|  |TAMS 0x0000000083300000, 0x0000000083300000| Untracked 
|  51|0x0000000083300000, 0x0000000083400000, 0x0000000083400000|100%| O|  |TAMS 0x0000000083400000, 0x0000000083400000| Untracked 
|  52|0x0000000083400000, 0x0000000083500000, 0x0000000083500000|100%| O|  |TAMS 0x0000000083500000, 0x0000000083500000| Untracked 
|  53|0x0000000083500000, 0x0000000083600000, 0x0000000083600000|100%| O|  |TAMS 0x0000000083600000, 0x0000000083600000| Untracked 
|  54|0x0000000083600000, 0x0000000083700000, 0x0000000083700000|100%|HS|  |TAMS 0x0000000083700000, 0x0000000083700000| Complete 
|  55|0x0000000083700000, 0x0000000083800000, 0x0000000083800000|100%|HC|  |TAMS 0x0000000083800000, 0x0000000083800000| Complete 
|  56|0x0000000083800000, 0x0000000083900000, 0x0000000083900000|100%|HC|  |TAMS 0x0000000083900000, 0x0000000083900000| Complete 
|  57|0x0000000083900000, 0x0000000083a00000, 0x0000000083a00000|100%| O|  |TAMS 0x0000000083a00000, 0x0000000083a00000| Untracked 
|  58|0x0000000083a00000, 0x0000000083b00000, 0x0000000083b00000|100%| O|  |TAMS 0x0000000083b00000, 0x0000000083b00000| Untracked 
|  59|0x0000000083b00000, 0x0000000083c00000, 0x0000000083c00000|100%| O|  |TAMS 0x0000000083c00000, 0x0000000083c00000| Untracked 
|  60|0x0000000083c00000, 0x0000000083d00000, 0x0000000083d00000|100%| O|  |TAMS 0x0000000083d00000, 0x0000000083d00000| Untracked 
|  61|0x0000000083d00000, 0x0000000083e00000, 0x0000000083e00000|100%| O|  |TAMS 0x0000000083e00000, 0x0000000083e00000| Untracked 
|  62|0x0000000083e00000, 0x0000000083f00000, 0x0000000083f00000|100%| O|  |TAMS 0x0000000083f00000, 0x0000000083f00000| Untracked 
|  63|0x0000000083f00000, 0x0000000084000000, 0x0000000084000000|100%| O|  |TAMS 0x0000000084000000, 0x0000000084000000| Untracked 
|  64|0x0000000084000000, 0x0000000084100000, 0x0000000084100000|100%| O|  |TAMS 0x0000000084077800, 0x0000000084077800| Untracked 
|  65|0x0000000084100000, 0x0000000084200000, 0x0000000084200000|100%|HS|  |TAMS 0x0000000084100000, 0x0000000084200000| Complete 
|  66|0x0000000084200000, 0x0000000084300000, 0x0000000084300000|100%|HS|  |TAMS 0x0000000084200000, 0x0000000084300000| Complete 
|  67|0x0000000084300000, 0x0000000084400000, 0x0000000084400000|100%|HS|  |TAMS 0x0000000084300000, 0x0000000084400000| Complete 
|  68|0x0000000084400000, 0x0000000084500000, 0x0000000084500000|100%|HS|  |TAMS 0x0000000084400000, 0x0000000084500000| Complete 
|  69|0x0000000084500000, 0x0000000084600000, 0x0000000084600000|100%| O|  |TAMS 0x0000000084500000, 0x0000000084500000| Untracked 
|  70|0x0000000084600000, 0x0000000084700000, 0x0000000084700000|100%| O|  |TAMS 0x0000000084600000, 0x0000000084600000| Untracked 
|  71|0x0000000084700000, 0x00000000847e9a00, 0x0000000084800000| 91%| O|  |TAMS 0x0000000084700000, 0x0000000084700000| Untracked 
|  72|0x0000000084800000, 0x0000000084800000, 0x0000000084900000|  0%| F|  |TAMS 0x0000000084800000, 0x0000000084800000| Untracked 
|  73|0x0000000084900000, 0x0000000084900000, 0x0000000084a00000|  0%| F|  |TAMS 0x0000000084900000, 0x0000000084900000| Untracked 
|  74|0x0000000084a00000, 0x0000000084a00000, 0x0000000084b00000|  0%| F|  |TAMS 0x0000000084a00000, 0x0000000084a00000| Untracked 
|  75|0x0000000084b00000, 0x0000000084b00000, 0x0000000084c00000|  0%| F|  |TAMS 0x0000000084b00000, 0x0000000084b00000| Untracked 
|  76|0x0000000084c00000, 0x0000000084c00000, 0x0000000084d00000|  0%| F|  |TAMS 0x0000000084c00000, 0x0000000084c00000| Untracked 
|  77|0x0000000084d00000, 0x0000000084d00000, 0x0000000084e00000|  0%| F|  |TAMS 0x0000000084d00000, 0x0000000084d00000| Untracked 
|  78|0x0000000084e00000, 0x0000000084e00000, 0x0000000084f00000|  0%| F|  |TAMS 0x0000000084e00000, 0x0000000084e00000| Untracked 
|  79|0x0000000084f00000, 0x0000000084f00000, 0x0000000085000000|  0%| F|  |TAMS 0x0000000084f00000, 0x0000000084f00000| Untracked 
|  80|0x0000000085000000, 0x0000000085000000, 0x0000000085100000|  0%| F|  |TAMS 0x0000000085000000, 0x0000000085000000| Untracked 
|  81|0x0000000085100000, 0x0000000085100000, 0x0000000085200000|  0%| F|  |TAMS 0x0000000085100000, 0x0000000085100000| Untracked 
|  82|0x0000000085200000, 0x0000000085200000, 0x0000000085300000|  0%| F|  |TAMS 0x0000000085200000, 0x0000000085200000| Untracked 
|  83|0x0000000085300000, 0x0000000085300000, 0x0000000085400000|  0%| F|  |TAMS 0x0000000085300000, 0x0000000085300000| Untracked 
|  84|0x0000000085400000, 0x0000000085400000, 0x0000000085500000|  0%| F|  |TAMS 0x0000000085400000, 0x0000000085400000| Untracked 
|  85|0x0000000085500000, 0x0000000085500000, 0x0000000085600000|  0%| F|  |TAMS 0x0000000085500000, 0x0000000085500000| Untracked 
|  86|0x0000000085600000, 0x0000000085600000, 0x0000000085700000|  0%| F|  |TAMS 0x0000000085600000, 0x0000000085600000| Untracked 
|  87|0x0000000085700000, 0x0000000085700000, 0x0000000085800000|  0%| F|  |TAMS 0x0000000085700000, 0x0000000085700000| Untracked 
|  88|0x0000000085800000, 0x0000000085800000, 0x0000000085900000|  0%| F|  |TAMS 0x0000000085800000, 0x0000000085800000| Untracked 
|  89|0x0000000085900000, 0x0000000085900000, 0x0000000085a00000|  0%| F|  |TAMS 0x0000000085900000, 0x0000000085900000| Untracked 
|  90|0x0000000085a00000, 0x0000000085a00000, 0x0000000085b00000|  0%| F|  |TAMS 0x0000000085a00000, 0x0000000085a00000| Untracked 
|  91|0x0000000085b00000, 0x0000000085b00000, 0x0000000085c00000|  0%| F|  |TAMS 0x0000000085b00000, 0x0000000085b00000| Untracked 
|  92|0x0000000085c00000, 0x0000000085c00000, 0x0000000085d00000|  0%| F|  |TAMS 0x0000000085c00000, 0x0000000085c00000| Untracked 
|  93|0x0000000085d00000, 0x0000000085d00000, 0x0000000085e00000|  0%| F|  |TAMS 0x0000000085d00000, 0x0000000085d00000| Untracked 
|  94|0x0000000085e00000, 0x0000000085e00000, 0x0000000085f00000|  0%| F|  |TAMS 0x0000000085e00000, 0x0000000085e00000| Untracked 
|  95|0x0000000085f00000, 0x0000000085f00000, 0x0000000086000000|  0%| F|  |TAMS 0x0000000085f00000, 0x0000000085f00000| Untracked 
|  96|0x0000000086000000, 0x0000000086000000, 0x0000000086100000|  0%| F|  |TAMS 0x0000000086000000, 0x0000000086000000| Untracked 
|  97|0x0000000086100000, 0x0000000086100000, 0x0000000086200000|  0%| F|  |TAMS 0x0000000086100000, 0x0000000086100000| Untracked 
|  98|0x0000000086200000, 0x0000000086200000, 0x0000000086300000|  0%| F|  |TAMS 0x0000000086200000, 0x0000000086200000| Untracked 
|  99|0x0000000086300000, 0x0000000086300000, 0x0000000086400000|  0%| F|  |TAMS 0x0000000086300000, 0x0000000086300000| Untracked 
| 100|0x0000000086400000, 0x0000000086400000, 0x0000000086500000|  0%| F|  |TAMS 0x0000000086400000, 0x0000000086400000| Untracked 
| 101|0x0000000086500000, 0x0000000086500000, 0x0000000086600000|  0%| F|  |TAMS 0x0000000086500000, 0x0000000086500000| Untracked 
| 102|0x0000000086600000, 0x0000000086600000, 0x0000000086700000|  0%| F|  |TAMS 0x0000000086600000, 0x0000000086600000| Untracked 
| 103|0x0000000086700000, 0x0000000086700000, 0x0000000086800000|  0%| F|  |TAMS 0x0000000086700000, 0x0000000086700000| Untracked 
| 104|0x0000000086800000, 0x0000000086800000, 0x0000000086900000|  0%| F|  |TAMS 0x0000000086800000, 0x0000000086800000| Untracked 
| 105|0x0000000086900000, 0x0000000086900000, 0x0000000086a00000|  0%| F|  |TAMS 0x0000000086900000, 0x0000000086900000| Untracked 
| 106|0x0000000086a00000, 0x0000000086a00000, 0x0000000086b00000|  0%| F|  |TAMS 0x0000000086a00000, 0x0000000086a00000| Untracked 
| 107|0x0000000086b00000, 0x0000000086b00000, 0x0000000086c00000|  0%| F|  |TAMS 0x0000000086b00000, 0x0000000086b00000| Untracked 
| 108|0x0000000086c00000, 0x0000000086c00000, 0x0000000086d00000|  0%| F|  |TAMS 0x0000000086c00000, 0x0000000086c00000| Untracked 
| 109|0x0000000086d00000, 0x0000000086d00000, 0x0000000086e00000|  0%| F|  |TAMS 0x0000000086d00000, 0x0000000086d00000| Untracked 
| 110|0x0000000086e00000, 0x0000000086e00000, 0x0000000086f00000|  0%| F|  |TAMS 0x0000000086e00000, 0x0000000086e00000| Untracked 
| 111|0x0000000086f00000, 0x0000000087000000, 0x0000000087000000|100%| S|CS|TAMS 0x0000000086f00000, 0x0000000086f00000| Complete 
| 112|0x0000000087000000, 0x0000000087100000, 0x0000000087100000|100%| S|CS|TAMS 0x0000000087000000, 0x0000000087000000| Complete 
| 113|0x0000000087100000, 0x0000000087200000, 0x0000000087200000|100%| S|CS|TAMS 0x0000000087100000, 0x0000000087100000| Complete 
| 114|0x0000000087200000, 0x0000000087300000, 0x0000000087300000|100%| S|CS|TAMS 0x0000000087200000, 0x0000000087200000| Complete 
| 115|0x0000000087300000, 0x0000000087400000, 0x0000000087400000|100%| S|CS|TAMS 0x0000000087300000, 0x0000000087300000| Complete 
| 168|0x000000008a800000, 0x000000008a800000, 0x000000008a900000|  0%| F|  |TAMS 0x000000008a800000, 0x000000008a800000| Untracked 
| 169|0x000000008a900000, 0x000000008a900000, 0x000000008aa00000|  0%| F|  |TAMS 0x000000008a900000, 0x000000008a900000| Untracked 
| 170|0x000000008aa00000, 0x000000008aa00000, 0x000000008ab00000|  0%| F|  |TAMS 0x000000008aa00000, 0x000000008aa00000| Untracked 
| 171|0x000000008ab00000, 0x000000008ab00000, 0x000000008ac00000|  0%| F|  |TAMS 0x000000008ab00000, 0x000000008ab00000| Untracked 
| 172|0x000000008ac00000, 0x000000008ac00000, 0x000000008ad00000|  0%| F|  |TAMS 0x000000008ac00000, 0x000000008ac00000| Untracked 
| 173|0x000000008ad00000, 0x000000008ad00000, 0x000000008ae00000|  0%| F|  |TAMS 0x000000008ad00000, 0x000000008ad00000| Untracked 
| 174|0x000000008ae00000, 0x000000008ae00000, 0x000000008af00000|  0%| F|  |TAMS 0x000000008ae00000, 0x000000008ae00000| Untracked 
| 175|0x000000008af00000, 0x000000008af00000, 0x000000008b000000|  0%| F|  |TAMS 0x000000008af00000, 0x000000008af00000| Untracked 
| 221|0x000000008dd00000, 0x000000008dd00000, 0x000000008de00000|  0%| F|  |TAMS 0x000000008dd00000, 0x000000008dd00000| Untracked 

Card table byte_map: [0x0000021ed89d0000,0x0000021ed8dd0000] _byte_map_base: 0x0000021ed85d0000

Marking Bits (Prev, Next): (CMBitMap*) 0x0000021ec58db270, (CMBitMap*) 0x0000021ec58db2b0
 Prev Bits: [0x0000021ed91d0000, 0x0000021edb1d0000)
 Next Bits: [0x0000021edb1d0000, 0x0000021edd1d0000)

Polling page: 0x0000021ec36e0000

Metaspace:

Usage:
  Non-class:     47.71 MB used.
      Class:      7.39 MB used.
       Both:     55.09 MB used.

Virtual space:
  Non-class space:       64.00 MB reserved,      48.06 MB ( 75%) committed,  1 nodes.
      Class space:        1.00 GB reserved,       7.69 MB ( <1%) committed,  1 nodes.
             Both:        1.06 GB reserved,      55.75 MB (  5%) committed. 

Chunk freelists:
   Non-Class:  15.77 MB
       Class:  8.30 MB
        Both:  24.06 MB

MaxMetaspaceSize: unlimited
CompressedClassSpaceSize: 1.00 GB
Initial GC threshold: 21.00 MB
Current GC threshold: 92.44 MB
CDS: off
MetaspaceReclaimPolicy: balanced
 - commit_granule_bytes: 65536.
 - commit_granule_words: 8192.
 - virtual_space_node_default_size: 8388608.
 - enlarge_chunks_in_place: 1.
 - new_chunks_are_fully_committed: 0.
 - uncommit_free_chunks: 1.
 - use_allocation_guard: 0.
 - handle_deallocations: 1.


Internal statistics:

num_allocs_failed_limit: 3.
num_arena_births: 596.
num_arena_deaths: 0.
num_vsnodes_births: 2.
num_vsnodes_deaths: 0.
num_space_committed: 892.
num_space_uncommitted: 0.
num_chunks_returned_to_freelist: 3.
num_chunks_taken_from_freelist: 2502.
num_chunk_merges: 3.
num_chunk_splits: 1624.
num_chunks_enlarged: 1084.
num_inconsistent_stats: 0.

CodeHeap 'non-profiled nmethods': size=119168Kb used=3056Kb max_used=3137Kb free=116111Kb
 bounds [0x0000021ed08f0000, 0x0000021ed0c30000, 0x0000021ed7d50000]
CodeHeap 'profiled nmethods': size=119104Kb used=11205Kb max_used=11205Kb free=107898Kb
 bounds [0x0000021ec8d50000, 0x0000021ec9850000, 0x0000021ed01a0000]
CodeHeap 'non-nmethods': size=7488Kb used=4031Kb max_used=4114Kb free=3456Kb
 bounds [0x0000021ed01a0000, 0x0000021ed05c0000, 0x0000021ed08f0000]
 total_blobs=6610 nmethods=5765 adapters=752
 compilation: enabled
              stopped_count=0, restarted_count=0
 full_count=0

Compilation events (20 events):
Event: 7.810 Thread 0x0000021ee04804d0 nmethod 6512 0x0000021ec983d010 code [0x0000021ec983d220, 0x0000021ec983d848]
Event: 7.814 Thread 0x0000021ee0539010 6513       3       sun.nio.fs.WindowsFileSystemProvider::readAttributes (63 bytes)
Event: 7.815 Thread 0x0000021ee04809e0 6514       3       sun.nio.fs.WindowsFileAttributeViews$Basic::readAttributes (5 bytes)
Event: 7.815 Thread 0x0000021ee04804d0 6515   !   3       sun.nio.fs.WindowsFileAttributeViews$Basic::readAttributes (30 bytes)
Event: 7.815 Thread 0x0000021ee0539010 nmethod 6513 0x0000021ec983da90 code [0x0000021ec983dca0, 0x0000021ec983e2b8]
Event: 7.815 Thread 0x0000021ee04804d0 nmethod 6515 0x0000021ec983e490 code [0x0000021ec983e680, 0x0000021ec983ec48]
Event: 7.815 Thread 0x0000021ee04809e0 nmethod 6514 0x0000021ec983ee90 code [0x0000021ec983f0a0, 0x0000021ec983f6c8]
Event: 7.817 Thread 0x0000021ee04809e0 6516       3       java.util.ArrayDeque::addFirst (51 bytes)
Event: 7.818 Thread 0x0000021ee04809e0 nmethod 6516 0x0000021ec983f910 code [0x0000021ec983fae0, 0x0000021ec983ff78]
Event: 7.820 Thread 0x0000021ee55dfd50 6517   !   4       java.util.zip.ZipFile$Source::readFullyAt (74 bytes)
Event: 7.822 Thread 0x0000021ee55dfd50 nmethod 6517 0x0000021ed0a46010 code [0x0000021ed0a461c0, 0x0000021ed0a466d8]
Event: 7.823 Thread 0x0000021ee04809e0 6518   !   3       java.util.zip.ZipFile$Source::get (190 bytes)
Event: 7.825 Thread 0x0000021ee04809e0 nmethod 6518 0x0000021ec9840110 code [0x0000021ec9840420, 0x0000021ec98418d8]
Event: 7.826 Thread 0x0000021ee04804d0 6519       1       java.util.zip.ZipFile$ZipFileInputStream::size (5 bytes)
Event: 7.826 Thread 0x0000021ee04804d0 nmethod 6519 0x0000021ed0a45d10 code [0x0000021ed0a45ea0, 0x0000021ed0a45f78]
Event: 7.830 Thread 0x0000021ee55dfd50 6520       4       com.google.common.collect.MapMakerInternalMap::rehash (49 bytes)
Event: 7.831 Thread 0x0000021ee6af9860 6521       4       java.lang.String::indexOf (18 bytes)
Event: 7.831 Thread 0x0000021ee55dfd50 nmethod 6520 0x0000021ed0a45a10 code [0x0000021ed0a45b80, 0x0000021ed0a45c38]
Event: 7.833 Thread 0x0000021ee6af9860 nmethod 6521 0x0000021ed0a45290 code [0x0000021ed0a45420, 0x0000021ed0a457d8]
Event: 7.844 Thread 0x0000021ee55dfd50 6522       4       java.util.HashMap::getNode (150 bytes)

GC Heap History (20 events):
Event: 4.158 GC heap after
{Heap after GC invocations=11 (full 0):
 garbage-first heap   total 104448K, used 49193K [0x0000000080000000, 0x0000000100000000)
  region size 1024K, 4 young (4096K), 4 survivors (4096K)
 Metaspace       used 34410K, committed 34816K, reserved 1114112K
  class space    used 4760K, committed 4928K, reserved 1048576K
}
Event: 4.775 GC heap before
{Heap before GC invocations=12 (full 0):
 garbage-first heap   total 104448K, used 76841K [0x0000000080000000, 0x0000000100000000)
  region size 1024K, 32 young (32768K), 4 survivors (4096K)
 Metaspace       used 40670K, committed 41024K, reserved 1114112K
  class space    used 5497K, committed 5632K, reserved 1048576K
}
Event: 4.779 GC heap after
{Heap after GC invocations=13 (full 0):
 garbage-first heap   total 104448K, used 51749K [0x0000000080000000, 0x0000000100000000)
  region size 1024K, 4 young (4096K), 4 survivors (4096K)
 Metaspace       used 40670K, committed 41024K, reserved 1114112K
  class space    used 5497K, committed 5632K, reserved 1048576K
}
Event: 5.035 GC heap before
{Heap before GC invocations=13 (full 0):
 garbage-first heap   total 104448K, used 78373K [0x0000000080000000, 0x0000000100000000)
  region size 1024K, 31 young (31744K), 4 survivors (4096K)
 Metaspace       used 42712K, committed 43072K, reserved 1114112K
  class space    used 5710K, committed 5888K, reserved 1048576K
}
Event: 5.040 GC heap after
{Heap after GC invocations=14 (full 0):
 garbage-first heap   total 104448K, used 54540K [0x0000000080000000, 0x0000000100000000)
  region size 1024K, 3 young (3072K), 3 survivors (3072K)
 Metaspace       used 42712K, committed 43072K, reserved 1114112K
  class space    used 5710K, committed 5888K, reserved 1048576K
}
Event: 5.152 GC heap before
{Heap before GC invocations=15 (full 0):
 garbage-first heap   total 104448K, used 59660K [0x0000000080000000, 0x0000000100000000)
  region size 1024K, 10 young (10240K), 3 survivors (3072K)
 Metaspace       used 43113K, committed 43520K, reserved 1114112K
  class space    used 5754K, committed 5952K, reserved 1048576K
}
Event: 5.155 GC heap after
{Heap after GC invocations=16 (full 0):
 garbage-first heap   total 104448K, used 55426K [0x0000000080000000, 0x0000000100000000)
  region size 1024K, 2 young (2048K), 2 survivors (2048K)
 Metaspace       used 43113K, committed 43520K, reserved 1114112K
  class space    used 5754K, committed 5952K, reserved 1048576K
}
Event: 5.713 GC heap before
{Heap before GC invocations=17 (full 0):
 garbage-first heap   total 106496K, used 85122K [0x0000000080000000, 0x0000000100000000)
  region size 1024K, 27 young (27648K), 2 survivors (2048K)
 Metaspace       used 46958K, committed 47360K, reserved 1114112K
  class space    used 6224K, committed 6400K, reserved 1048576K
}
Event: 5.715 GC heap after
{Heap after GC invocations=18 (full 0):
 garbage-first heap   total 128000K, used 56508K [0x0000000080000000, 0x0000000100000000)
  region size 1024K, 3 young (3072K), 3 survivors (3072K)
 Metaspace       used 46958K, committed 47360K, reserved 1114112K
  class space    used 6224K, committed 6400K, reserved 1048576K
}
Event: 5.983 GC heap before
{Heap before GC invocations=18 (full 0):
 garbage-first heap   total 128000K, used 73916K [0x0000000080000000, 0x0000000100000000)
  region size 1024K, 21 young (21504K), 3 survivors (3072K)
 Metaspace       used 48178K, committed 48704K, reserved 1114112K
  class space    used 6415K, committed 6656K, reserved 1048576K
}
Event: 5.987 GC heap after
{Heap after GC invocations=19 (full 0):
 garbage-first heap   total 128000K, used 58555K [0x0000000080000000, 0x0000000100000000)
  region size 1024K, 5 young (5120K), 5 survivors (5120K)
 Metaspace       used 48178K, committed 48704K, reserved 1114112K
  class space    used 6415K, committed 6656K, reserved 1048576K
}
Event: 6.021 GC heap before
{Heap before GC invocations=19 (full 0):
 garbage-first heap   total 128000K, used 64699K [0x0000000080000000, 0x0000000100000000)
  region size 1024K, 10 young (10240K), 5 survivors (5120K)
 Metaspace       used 48511K, committed 48960K, reserved 1114112K
  class space    used 6439K, committed 6656K, reserved 1048576K
}
Event: 6.024 GC heap after
{Heap after GC invocations=20 (full 0):
 garbage-first heap   total 128000K, used 62815K [0x0000000080000000, 0x0000000100000000)
  region size 1024K, 4 young (4096K), 4 survivors (4096K)
 Metaspace       used 48511K, committed 48960K, reserved 1114112K
  class space    used 6439K, committed 6656K, reserved 1048576K
}
Event: 6.580 GC heap before
{Heap before GC invocations=21 (full 0):
 garbage-first heap   total 128000K, used 98655K [0x0000000080000000, 0x0000000100000000)
  region size 1024K, 37 young (37888K), 4 survivors (4096K)
 Metaspace       used 51175K, committed 51712K, reserved 1114112K
  class space    used 6745K, committed 6976K, reserved 1048576K
}
Event: 6.584 GC heap after
{Heap after GC invocations=22 (full 0):
 garbage-first heap   total 128000K, used 65703K [0x0000000080000000, 0x0000000100000000)
  region size 1024K, 5 young (5120K), 5 survivors (5120K)
 Metaspace       used 51175K, committed 51712K, reserved 1114112K
  class space    used 6745K, committed 6976K, reserved 1048576K
}
Event: 7.236 GC heap before
{Heap before GC invocations=22 (full 0):
 garbage-first heap   total 128000K, used 98471K [0x0000000080000000, 0x0000000100000000)
  region size 1024K, 37 young (37888K), 5 survivors (5120K)
 Metaspace       used 54500K, committed 55040K, reserved 1114112K
  class space    used 7319K, committed 7552K, reserved 1048576K
}
Event: 7.240 GC heap after
{Heap after GC invocations=23 (full 0):
 garbage-first heap   total 128000K, used 67771K [0x0000000080000000, 0x0000000100000000)
  region size 1024K, 3 young (3072K), 3 survivors (3072K)
 Metaspace       used 54500K, committed 55040K, reserved 1114112K
  class space    used 7319K, committed 7552K, reserved 1048576K
}
Event: 7.781 GC heap before
{Heap before GC invocations=24 (full 0):
 garbage-first heap   total 128000K, used 95419K [0x0000000080000000, 0x0000000100000000)
  region size 1024K, 32 young (32768K), 3 survivors (3072K)
 Metaspace       used 56079K, committed 56768K, reserved 1114112K
  class space    used 7506K, committed 7808K, reserved 1048576K
}
Event: 7.784 GC heap after
{Heap after GC invocations=25 (full 0):
 garbage-first heap   total 128000K, used 69890K [0x0000000080000000, 0x0000000100000000)
  region size 1024K, 5 young (5120K), 5 survivors (5120K)
 Metaspace       used 56079K, committed 56768K, reserved 1114112K
  class space    used 7506K, committed 7808K, reserved 1048576K
}
Event: 7.847 GC heap before
{Heap before GC invocations=26 (full 0):
 garbage-first heap   total 128000K, used 81154K [0x0000000080000000, 0x0000000100000000)
  region size 1024K, 14 young (14336K), 5 survivors (5120K)
 Metaspace       used 56415K, committed 57088K, reserved 1114112K
  class space    used 7565K, committed 7872K, reserved 1048576K
}

Dll operation events (3 events):
Event: 0.009 Loaded shared library C:\Program Files\Android\Android Studio\jbr\bin\java.dll
Event: 0.118 Loaded shared library C:\Program Files\Android\Android Studio\jbr\bin\zip.dll
Event: 0.430 Loaded shared library C:\Program Files\Android\Android Studio\jbr\bin\verify.dll

Deoptimization events (20 events):
Event: 7.636 Thread 0x0000021ee71ff420 DEOPT PACKING pc=0x0000021ec9209954 sp=0x0000002a3c3f7080
Event: 7.636 Thread 0x0000021ee71ff420 DEOPT UNPACKING pc=0x0000021ed01f7143 sp=0x0000002a3c3f65d8 mode 0
Event: 7.640 Thread 0x0000021ee71ff420 Uncommon trap: trap_request=0xffffff45 fr.pc=0x0000021ed0baca54 relative=0x0000000000000294
Event: 7.640 Thread 0x0000021ee71ff420 Uncommon trap: reason=unstable_if action=reinterpret pc=0x0000021ed0baca54 method=org.gradle.internal.snapshot.PathUtil.equalChars(CCLorg/gradle/internal/snapshot/CaseSensitivity;)Z @ 11 c2
Event: 7.640 Thread 0x0000021ee71ff420 DEOPT PACKING pc=0x0000021ed0baca54 sp=0x0000002a3c3f7650
Event: 7.640 Thread 0x0000021ee71ff420 DEOPT UNPACKING pc=0x0000021ed01f69a3 sp=0x0000002a3c3f7600 mode 2
Event: 7.690 Thread 0x0000021ee71fef50 DEOPT PACKING pc=0x0000021ec9432ac3 sp=0x0000002a3d4fe7a0
Event: 7.690 Thread 0x0000021ee71fef50 DEOPT UNPACKING pc=0x0000021ed01f7143 sp=0x0000002a3d4fdc28 mode 0
Event: 7.743 Thread 0x0000021ee71ff420 DEOPT PACKING pc=0x0000021ec8e0c4d1 sp=0x0000002a3c3f8700
Event: 7.743 Thread 0x0000021ee71ff420 DEOPT UNPACKING pc=0x0000021ed01f7143 sp=0x0000002a3c3f7bf8 mode 0
Event: 7.746 Thread 0x0000021ee71ff420 DEOPT PACKING pc=0x0000021ec8e0c4d1 sp=0x0000002a3c3f8700
Event: 7.746 Thread 0x0000021ee71ff420 DEOPT UNPACKING pc=0x0000021ed01f7143 sp=0x0000002a3c3f7bf8 mode 0
Event: 7.762 Thread 0x0000021ee71ff420 Uncommon trap: trap_request=0xffffffc6 fr.pc=0x0000021ed0b5311c relative=0x0000000000002f3c
Event: 7.762 Thread 0x0000021ee71ff420 Uncommon trap: reason=bimorphic_or_optimized_type_check action=maybe_recompile pc=0x0000021ed0b5311c method=java.util.AbstractCollection.addAll(Ljava/util/Collection;)Z @ 29 c2
Event: 7.762 Thread 0x0000021ee71ff420 DEOPT PACKING pc=0x0000021ed0b5311c sp=0x0000002a3c3facf0
Event: 7.762 Thread 0x0000021ee71ff420 DEOPT UNPACKING pc=0x0000021ed01f69a3 sp=0x0000002a3c3face0 mode 2
Event: 7.779 Thread 0x0000021ee71ff420 Uncommon trap: trap_request=0xffffffc6 fr.pc=0x0000021ed0a4f358 relative=0x0000000000000218
Event: 7.779 Thread 0x0000021ee71ff420 Uncommon trap: reason=bimorphic_or_optimized_type_check action=maybe_recompile pc=0x0000021ed0a4f358 method=com.google.common.base.CharMatcher.indexIn(Ljava/lang/CharSequence;I)I @ 31 c2
Event: 7.779 Thread 0x0000021ee71ff420 DEOPT PACKING pc=0x0000021ed0a4f358 sp=0x0000002a3c3f7110
Event: 7.779 Thread 0x0000021ee71ff420 DEOPT UNPACKING pc=0x0000021ed01f69a3 sp=0x0000002a3c3f70b8 mode 2

Classes unloaded (0 events):
No events

Classes redefined (0 events):
No events

Internal exceptions (20 events):
Event: 7.136 Thread 0x0000021ee71ff420 Exception <a 'java/lang/ClassNotFoundException'{0x0000000086286738}: org/gradle/plugin/use/internal/PluginRequestCollector$PluginDependencySpecImplCustomizer> (0x0000000086286738) 
thrown [s\src\hotspot\share\classfile\systemDictionary.cpp, line 256]
Event: 7.231 Thread 0x0000021ee71ff420 Exception <a 'java/lang/NoSuchMethodError'{0x0000000085d83750}: 'int java.lang.invoke.DirectMethodHandle$Holder.invokeSpecialIFC(java.lang.Object, java.lang.Object, java.lang.Object)'> (0x0000000085d83750) 
thrown [s\src\hotspot\share\interpreter\linkResolver.cpp, line 771]
Event: 7.279 Thread 0x0000021ee71ff420 Exception <a 'java/lang/NoSuchMethodError'{0x000000008ad04710}: 'java.lang.Object java.lang.invoke.DirectMethodHandle$Holder.newInvokeSpecial(java.lang.Object, java.lang.Object, java.lang.Object, java.lang.Object, java.lang.Object, int)'> (0x000000008ad04710) 
thrown [s\src\hotspot\share\interpreter\linkResolver.cpp, line 771]
Event: 7.279 Thread 0x0000021ee71ff420 Exception <a 'java/lang/NoSuchMethodError'{0x000000008ad09d68}: 'java.lang.Object java.lang.invoke.DirectMethodHandle$Holder.invokeSpecial(java.lang.Object, java.lang.Object, java.lang.Object, java.lang.Object, java.lang.Object, java.lang.Object, int)'> (0x000000008ad09d68) 
thrown [s\src\hotspot\share\interpreter\linkResolver.cpp, line 771]
Event: 7.290 Thread 0x0000021ee71ff420 Exception <a 'java/lang/NoSuchMethodError'{0x000000008adb4ee8}: 'void java.lang.invoke.DirectMethodHandle$Holder.invokeStatic(java.lang.Object, java.lang.Object, java.lang.Object, int, java.lang.Object)'> (0x000000008adb4ee8) 
thrown [s\src\hotspot\share\interpreter\linkResolver.cpp, line 771]
Event: 7.299 Thread 0x0000021ee71ff420 Exception <a 'java/lang/NoSuchMethodError'{0x000000008ac20028}: 'java.lang.Object java.lang.invoke.DelegatingMethodHandle$Holder.reinvoke_L(java.lang.Object, java.lang.Object, java.lang.Object, java.lang.Object, java.lang.Object, java.lang.Object, java.lang.Object, java.lang.Object, java.lang.Object, java.lang.Object, java.lang.Object, java.lang.Object, java.lang.Object, java.lang.Object, java.lang.Object, java.lang.Object, java.lang.Object, java.lang.Object, java.lang.Object, java.lang.Object, java.lang.O
Event: 7.300 Thread 0x0000021ee71ff420 Exception <a 'java/lang/NoSuchMethodError'{0x000000008ac2c3e0}: 'java.lang.Object java.lang.invoke.DirectMethodHandle$Holder.invokeSpecial(java.lang.Object, java.lang.Object, java.lang.Object, java.lang.Object, java.lang.Object, java.lang.Object, java.lang.Object, java.lang.Object, java.lang.Object, java.lang.Object, java.lang.Object, java.lang.Object, java.lang.Object, java.lang.Object, java.lang.Object, java.lang.Object, java.lang.Object, java.lang.Object, java.lang.Object, java.lang.Object, java.lang.Ob
Event: 7.300 Thread 0x0000021ee71ff420 Exception <a 'java/lang/NoSuchMethodError'{0x000000008ac32578}: 'java.lang.Object java.lang.invoke.Invokers$Holder.invoker(java.lang.Object, java.lang.Object, java.lang.Object, java.lang.Object, java.lang.Object, java.lang.Object, java.lang.Object, java.lang.Object, java.lang.Object, java.lang.Object, java.lang.Object, java.lang.Object, java.lang.Object, java.lang.Object, java.lang.Object, java.lang.Object, java.lang.Object, java.lang.Object, java.lang.Object, java.lang.Object, java.lang.Object)'> (0x00000
Event: 7.300 Thread 0x0000021ee71ff420 Exception <a 'java/lang/NoSuchMethodError'{0x000000008ac397a8}: 'java.lang.Object java.lang.invoke.DelegatingMethodHandle$Holder.delegate(java.lang.Object, java.lang.Object, java.lang.Object, java.lang.Object, java.lang.Object, java.lang.Object, java.lang.Object, java.lang.Object, java.lang.Object, java.lang.Object, java.lang.Object, java.lang.Object, java.lang.Object, java.lang.Object, java.lang.Object, java.lang.Object, java.lang.Object, java.lang.Object, java.lang.Object, java.lang.Object, java.lang.Obj
Event: 7.308 Thread 0x0000021ee71ff420 Exception <a 'java/lang/NoSuchMethodError'{0x000000008acc84a0}: 'java.lang.Object java.lang.invoke.DirectMethodHandle$Holder.invokeStatic(java.lang.Object, java.lang.Object, java.lang.Object, java.lang.Object, java.lang.Object, java.lang.Object, java.lang.Object, java.lang.Object, java.lang.Object, java.lang.Object, java.lang.Object, java.lang.Object, java.lang.Object, java.lang.Object, java.lang.Object, java.lang.Object, java.lang.Object)'> (0x000000008acc84a0) 
thrown [s\src\hotspot\share\interpreter\lin
Event: 7.310 Thread 0x0000021ee71ff420 Exception <a 'java/lang/NoSuchMethodError'{0x000000008acf1bf0}: 'java.lang.Object java.lang.invoke.DirectMethodHandle$Holder.invokeStatic(java.lang.Object, java.lang.Object, java.lang.Object, java.lang.Object, java.lang.Object, java.lang.Object, java.lang.Object, java.lang.Object, java.lang.Object, java.lang.Object, java.lang.Object, java.lang.Object, java.lang.Object, java.lang.Object, java.lang.Object, java.lang.Object, java.lang.Object, java.lang.Object)'> (0x000000008acf1bf0) 
thrown [s\src\hotspot\sha
Event: 7.313 Thread 0x0000021ee71ff420 Exception <a 'java/lang/NoSuchMethodError'{0x000000008ab1c2d0}: 'java.lang.Object java.lang.invoke.DirectMethodHandle$Holder.invokeStatic(java.lang.Object, java.lang.Object, java.lang.Object, java.lang.Object, java.lang.Object, java.lang.Object, java.lang.Object, java.lang.Object, java.lang.Object, java.lang.Object, java.lang.Object, java.lang.Object, java.lang.Object, java.lang.Object, java.lang.Object, java.lang.Object, java.lang.Object, java.lang.Object, java.lang.Object)'> (0x000000008ab1c2d0) 
thrown 
Event: 7.316 Thread 0x0000021ee71ff420 Exception <a 'java/lang/NoSuchMethodError'{0x000000008ab478a0}: 'java.lang.Object java.lang.invoke.DirectMethodHandle$Holder.invokeStatic(java.lang.Object, java.lang.Object, java.lang.Object, java.lang.Object, java.lang.Object, java.lang.Object, java.lang.Object, java.lang.Object, java.lang.Object, java.lang.Object, java.lang.Object, java.lang.Object, java.lang.Object, java.lang.Object, java.lang.Object, java.lang.Object, java.lang.Object, java.lang.Object, java.lang.Object, java.lang.Object)'> (0x00000000
Event: 7.319 Thread 0x0000021ee71ff420 Exception <a 'java/lang/NoSuchMethodError'{0x000000008ab73f98}: 'java.lang.Object java.lang.invoke.DirectMethodHandle$Holder.invokeStatic(java.lang.Object, java.lang.Object, java.lang.Object, java.lang.Object, java.lang.Object, java.lang.Object, java.lang.Object, java.lang.Object, java.lang.Object, java.lang.Object, java.lang.Object, java.lang.Object, java.lang.Object, java.lang.Object, java.lang.Object, java.lang.Object, java.lang.Object, java.lang.Object, java.lang.Object, java.lang.Object, java.lang.Obj
Event: 7.322 Thread 0x0000021ee71ff420 Exception <a 'java/lang/NoSuchMethodError'{0x000000008aba59b0}: 'java.lang.Object java.lang.invoke.DirectMethodHandle$Holder.invokeStatic(java.lang.Object, java.lang.Object, java.lang.Object, java.lang.Object, java.lang.Object, java.lang.Object, java.lang.Object, java.lang.Object, java.lang.Object, java.lang.Object, java.lang.Object, java.lang.Object, java.lang.Object, java.lang.Object, java.lang.Object, java.lang.Object, java.lang.Object, java.lang.Object, java.lang.Object, java.lang.Object, java.lang.Obj
Event: 7.324 Thread 0x0000021ee71ff420 Exception <a 'java/lang/NoSuchMethodError'{0x000000008abd46b0}: 'java.lang.Object java.lang.invoke.DirectMethodHandle$Holder.invokeStatic(java.lang.Object, java.lang.Object, java.lang.Object, java.lang.Object, java.lang.Object, java.lang.Object, java.lang.Object, java.lang.Object, java.lang.Object, java.lang.Object, java.lang.Object, java.lang.Object, java.lang.Object, java.lang.Object, java.lang.Object, java.lang.Object, java.lang.Object, java.lang.Object, java.lang.Object, java.lang.Object, java.lang.Obj
Event: 7.326 Thread 0x0000021ee71ff420 Exception <a 'java/lang/NoSuchMethodError'{0x000000008aa051b8}: 'java.lang.Object java.lang.invoke.DirectMethodHandle$Holder.invokeStatic(java.lang.Object, java.lang.Object, java.lang.Object, java.lang.Object, java.lang.Object, java.lang.Object, java.lang.Object, java.lang.Object, java.lang.Object, java.lang.Object, java.lang.Object, java.lang.Object, java.lang.Object, java.lang.Object, java.lang.Object, java.lang.Object, java.lang.Object, java.lang.Object, java.lang.Object, java.lang.Object, java.lang.Obj
Event: 7.579 Thread 0x0000021ee71ff420 Implicit null exception at 0x0000021ed09daf6f to 0x0000021ed09db1b8
Event: 7.776 Thread 0x0000021ee71ff420 Exception <a 'java/lang/ClassNotFoundException'{0x0000000086011028}: build_bo6wuhn4sw8clr6303s7bk4luBeanInfo> (0x0000000086011028) 
thrown [s\src\hotspot\share\classfile\systemDictionary.cpp, line 256]
Event: 7.776 Thread 0x0000021ee71ff420 Exception <a 'java/lang/ClassNotFoundException'{0x0000000086017a20}: build_bo6wuhn4sw8clr6303s7bk4luCustomizer> (0x0000000086017a20) 
thrown [s\src\hotspot\share\classfile\systemDictionary.cpp, line 256]

VM Operations (20 events):
Event: 7.147 Executing VM operation: ICBufferFull done
Event: 7.236 Executing VM operation: G1CollectForAllocation
Event: 7.240 Executing VM operation: G1CollectForAllocation done
Event: 7.253 Executing VM operation: G1Concurrent
Event: 7.256 Executing VM operation: G1Concurrent done
Event: 7.264 Executing VM operation: G1Concurrent
Event: 7.264 Executing VM operation: G1Concurrent done
Event: 7.515 Executing VM operation: HandshakeAllThreads
Event: 7.515 Executing VM operation: HandshakeAllThreads done
Event: 7.516 Executing VM operation: ICBufferFull
Event: 7.517 Executing VM operation: ICBufferFull done
Event: 7.729 Executing VM operation: ICBufferFull
Event: 7.730 Executing VM operation: ICBufferFull done
Event: 7.781 Executing VM operation: G1TryInitiateConcMark
Event: 7.784 Executing VM operation: G1TryInitiateConcMark done
Event: 7.801 Executing VM operation: G1Concurrent
Event: 7.805 Executing VM operation: G1Concurrent done
Event: 7.812 Executing VM operation: G1Concurrent
Event: 7.812 Executing VM operation: G1Concurrent done
Event: 7.846 Executing VM operation: G1TryInitiateConcMark

Events (20 events):
Event: 7.321 loading class java/lang/invoke/BoundMethodHandle$Species_LLLLLLLLLLLLLLLLLLL done
Event: 7.323 loading class java/lang/invoke/BoundMethodHandle$Species_LLLLLLLLLLLLLLLLLLLL
Event: 7.323 loading class java/lang/invoke/BoundMethodHandle$Species_LLLLLLLLLLLLLLLLLLLL done
Event: 7.325 loading class java/lang/invoke/BoundMethodHandle$Species_LLLLLLLLLLLLLLLLLLLLL
Event: 7.325 loading class java/lang/invoke/BoundMethodHandle$Species_LLLLLLLLLLLLLLLLLLLLL done
Event: 7.588 Thread 0x0000021ee6008710 Thread added: 0x0000021ee6008710
Event: 7.588 Thread 0x0000021ee6003070 Thread added: 0x0000021ee6003070
Event: 7.588 Thread 0x0000021ee60073d0 Thread added: 0x0000021ee60073d0
Event: 7.588 Thread 0x0000021ee6003a10 Thread added: 0x0000021ee6003a10
Event: 7.588 Thread 0x0000021ee6006f00 Thread added: 0x0000021ee6006f00
Event: 7.589 Thread 0x0000021ee6003540 Thread added: 0x0000021ee6003540
Event: 7.589 Thread 0x0000021ee6004880 Thread added: 0x0000021ee6004880
Event: 7.589 Thread 0x0000021ee6009a50 Thread added: 0x0000021ee6009a50
Event: 7.589 Thread 0x0000021ee6009f20 Thread added: 0x0000021ee6009f20
Event: 7.590 Thread 0x0000021ee6003ee0 Thread added: 0x0000021ee6003ee0
Event: 7.591 Thread 0x0000021ee600a8c0 Thread added: 0x0000021ee600a8c0
Event: 7.592 Thread 0x0000021ee6005bc0 Thread added: 0x0000021ee6005bc0
Event: 7.594 Thread 0x0000021ee60090b0 Thread added: 0x0000021ee60090b0
Event: 7.594 Thread 0x0000021ee6004d50 Thread added: 0x0000021ee6004d50
Event: 7.594 Thread 0x0000021ee60078a0 Thread added: 0x0000021ee60078a0


Dynamic libraries:
0x00007ff66e860000 - 0x00007ff66e86a000 	C:\Program Files\Android\Android Studio\jbr\bin\java.exe
0x00007ffdcc690000 - 0x00007ffdcc8a7000 	C:\WINDOWS\SYSTEM32\ntdll.dll
0x00007ffdcb9c0000 - 0x00007ffdcba84000 	C:\WINDOWS\System32\KERNEL32.DLL
0x00007ffdc9bb0000 - 0x00007ffdc9f56000 	C:\WINDOWS\System32\KERNELBASE.dll
0x00007ffdc9a90000 - 0x00007ffdc9ba1000 	C:\WINDOWS\System32\ucrtbase.dll
0x00007ffd8a100000 - 0x00007ffd8a117000 	C:\Program Files\Android\Android Studio\jbr\bin\jli.dll
0x00007ffdb8c70000 - 0x00007ffdb8c8b000 	C:\Program Files\Android\Android Studio\jbr\bin\VCRUNTIME140.dll
0x00007ffdcc370000 - 0x00007ffdcc51e000 	C:\WINDOWS\System32\USER32.dll
0x00007ffdaad80000 - 0x00007ffdab013000 	C:\WINDOWS\WinSxS\amd64_microsoft.windows.common-controls_6595b64144ccf1df_6.0.22621.2506_none_270c5ae97388e100\COMCTL32.dll
0x00007ffdc9f60000 - 0x00007ffdc9f86000 	C:\WINDOWS\System32\win32u.dll
0x00007ffdcb0b0000 - 0x00007ffdcb157000 	C:\WINDOWS\System32\msvcrt.dll
0x00007ffdcc1a0000 - 0x00007ffdcc1c9000 	C:\WINDOWS\System32\GDI32.dll
0x00007ffdc9f90000 - 0x00007ffdca0a8000 	C:\WINDOWS\System32\gdi32full.dll
0x00007ffdca0e0000 - 0x00007ffdca17a000 	C:\WINDOWS\System32\msvcp_win.dll
0x00007ffdcaf20000 - 0x00007ffdcaf51000 	C:\WINDOWS\System32\IMM32.DLL
0x00007ffdc4e10000 - 0x00007ffdc4e1c000 	C:\Program Files\Android\Android Studio\jbr\bin\vcruntime140_1.dll
0x00007ffd919a0000 - 0x00007ffd91a2d000 	C:\Program Files\Android\Android Studio\jbr\bin\msvcp140.dll
0x00007ffd621c0000 - 0x00007ffd62e40000 	C:\Program Files\Android\Android Studio\jbr\bin\server\jvm.dll
0x00007ffdcafe0000 - 0x00007ffdcb093000 	C:\WINDOWS\System32\ADVAPI32.dll
0x00007ffdcc520000 - 0x00007ffdcc5c8000 	C:\WINDOWS\System32\sechost.dll
0x00007ffdca0b0000 - 0x00007ffdca0d8000 	C:\WINDOWS\System32\bcrypt.dll
0x00007ffdca3e0000 - 0x00007ffdca4f7000 	C:\WINDOWS\System32\RPCRT4.dll
0x00007ffdc2610000 - 0x00007ffdc261a000 	C:\WINDOWS\SYSTEM32\VERSION.dll
0x00007ffda1ea0000 - 0x00007ffda1ea9000 	C:\WINDOWS\SYSTEM32\WSOCK32.dll
0x00007ffdbf900000 - 0x00007ffdbf934000 	C:\WINDOWS\SYSTEM32\WINMM.dll
0x00007ffdcc5d0000 - 0x00007ffdcc641000 	C:\WINDOWS\System32\WS2_32.dll
0x00007ffdc89e0000 - 0x00007ffdc89f8000 	C:\WINDOWS\SYSTEM32\kernel.appcore.dll
0x00007ffd9fae0000 - 0x00007ffd9faea000 	C:\Program Files\Android\Android Studio\jbr\bin\jimage.dll
0x00007ffdc7160000 - 0x00007ffdc7393000 	C:\WINDOWS\SYSTEM32\DBGHELP.DLL
0x00007ffdcbd10000 - 0x00007ffdcc099000 	C:\WINDOWS\System32\combase.dll
0x00007ffdcc0c0000 - 0x00007ffdcc197000 	C:\WINDOWS\System32\OLEAUT32.dll
0x00007ffdb2560000 - 0x00007ffdb2592000 	C:\WINDOWS\SYSTEM32\dbgcore.DLL
0x00007ffdca360000 - 0x00007ffdca3da000 	C:\WINDOWS\System32\bcryptPrimitives.dll
0x00007ffd9a1c0000 - 0x00007ffd9a1ce000 	C:\Program Files\Android\Android Studio\jbr\bin\instrument.dll
0x00007ffd90d00000 - 0x00007ffd90d25000 	C:\Program Files\Android\Android Studio\jbr\bin\java.dll
0x00007ffd90ce0000 - 0x00007ffd90cf8000 	C:\Program Files\Android\Android Studio\jbr\bin\zip.dll
0x00007ffdca560000 - 0x00007ffdcadbb000 	C:\WINDOWS\System32\SHELL32.dll
0x00007ffdc78e0000 - 0x00007ffdc81d6000 	C:\WINDOWS\SYSTEM32\windows.storage.dll
0x00007ffdc77a0000 - 0x00007ffdc78de000 	C:\WINDOWS\SYSTEM32\wintypes.dll
0x00007ffdcb8b0000 - 0x00007ffdcb9a3000 	C:\WINDOWS\System32\SHCORE.dll
0x00007ffdcc300000 - 0x00007ffdcc35e000 	C:\WINDOWS\System32\shlwapi.dll
0x00007ffdc9900000 - 0x00007ffdc9926000 	C:\WINDOWS\SYSTEM32\profapi.dll
0x00007ffd8d300000 - 0x00007ffd8d319000 	C:\Program Files\Android\Android Studio\jbr\bin\net.dll
0x00007ffdc2730000 - 0x00007ffdc2867000 	C:\WINDOWS\SYSTEM32\WINHTTP.dll
0x00007ffdc8e90000 - 0x00007ffdc8ef9000 	C:\WINDOWS\system32\mswsock.dll
0x00007ffd8cbb0000 - 0x00007ffd8cbc6000 	C:\Program Files\Android\Android Studio\jbr\bin\nio.dll
0x00007ffd9f5e0000 - 0x00007ffd9f5f0000 	C:\Program Files\Android\Android Studio\jbr\bin\verify.dll
0x00007ffda3270000 - 0x00007ffda3297000 	C:\Users\lenovo\.gradle\native\68d5fa5c4cc2d200863cafc0d521ce42e7d3e7ee720ec0a83991735586a16f82\windows-amd64\native-platform.dll
0x00007ffd8b270000 - 0x00007ffd8b3b4000 	C:\Users\lenovo\.gradle\native\e376f236ea51e6404a007f0833ffe2c6e607c4080706a723a18a27aeea778392\windows-amd64\native-platform-file-events.dll
0x00007ffd9e860000 - 0x00007ffd9e869000 	C:\Program Files\Android\Android Studio\jbr\bin\management.dll
0x00007ffd9a470000 - 0x00007ffd9a47b000 	C:\Program Files\Android\Android Studio\jbr\bin\management_ext.dll
0x00007ffdcb8a0000 - 0x00007ffdcb8a8000 	C:\WINDOWS\System32\PSAPI.DLL
0x00007ffdc90e0000 - 0x00007ffdc90fb000 	C:\WINDOWS\SYSTEM32\CRYPTSP.dll
0x00007ffdc8940000 - 0x00007ffdc8975000 	C:\WINDOWS\system32\rsaenh.dll
0x00007ffdc8f80000 - 0x00007ffdc8fac000 	C:\WINDOWS\SYSTEM32\USERENV.dll
0x00007ffdc9100000 - 0x00007ffdc910c000 	C:\WINDOWS\SYSTEM32\CRYPTBASE.dll
0x00007ffdc8440000 - 0x00007ffdc846d000 	C:\WINDOWS\SYSTEM32\IPHLPAPI.DLL
0x00007ffdcb0a0000 - 0x00007ffdcb0a9000 	C:\WINDOWS\System32\NSI.dll
0x00007ffdc2710000 - 0x00007ffdc2729000 	C:\WINDOWS\SYSTEM32\dhcpcsvc6.DLL
0x00007ffdc25d0000 - 0x00007ffdc25ef000 	C:\WINDOWS\SYSTEM32\dhcpcsvc.DLL
0x00007ffdc84b0000 - 0x00007ffdc85a9000 	C:\WINDOWS\SYSTEM32\DNSAPI.dll
0x00007ffda3520000 - 0x00007ffda3528000 	C:\WINDOWS\system32\wshunix.dll

dbghelp: loaded successfully - version: 4.0.5 - missing functions: none
symbol engine: initialized successfully - sym options: 0x614 - pdb path: .;C:\Program Files\Android\Android Studio\jbr\bin;C:\WINDOWS\SYSTEM32;C:\WINDOWS\WinSxS\amd64_microsoft.windows.common-controls_6595b64144ccf1df_6.0.22621.2506_none_270c5ae97388e100;C:\Program Files\Android\Android Studio\jbr\bin\server;C:\Users\lenovo\.gradle\native\68d5fa5c4cc2d200863cafc0d521ce42e7d3e7ee720ec0a83991735586a16f82\windows-amd64;C:\Users\lenovo\.gradle\native\e376f236ea51e6404a007f0833ffe2c6e607c4080706a723a18a27aeea778392\windows-amd64

VM Arguments:
jvm_args: --add-opens=java.base/java.util=ALL-UNNAMED --add-opens=java.base/java.lang=ALL-UNNAMED --add-opens=java.base/java.lang.invoke=ALL-UNNAMED --add-opens=java.prefs/java.util.prefs=ALL-UNNAMED --add-opens=java.base/java.nio.charset=ALL-UNNAMED --add-opens=java.base/java.net=ALL-UNNAMED --add-opens=java.base/java.util.concurrent.atomic=ALL-UNNAMED -Xmx2048m -Dfile.encoding=UTF-8 -Duser.country=MY -Duser.language=en -Duser.variant -javaagent:C:\Users\lenovo\.gradle\wrapper\dists\gradle-8.2-bin\bbg7u40eoinfdyxsxr3z4i7ta\gradle-8.2\lib\agents\gradle-instrumentation-agent-8.2.jar 
java_command: org.gradle.launcher.daemon.bootstrap.GradleDaemon 8.2
java_class_path (initial): C:\Users\lenovo\.gradle\wrapper\dists\gradle-8.2-bin\bbg7u40eoinfdyxsxr3z4i7ta\gradle-8.2\lib\gradle-launcher-8.2.jar
Launcher Type: SUN_STANDARD

[Global flags]
     intx CICompilerCount                          = 12                                        {product} {ergonomic}
     uint ConcGCThreads                            = 3                                         {product} {ergonomic}
     uint G1ConcRefinementThreads                  = 13                                        {product} {ergonomic}
   size_t G1HeapRegionSize                         = 1048576                                   {product} {ergonomic}
    uintx GCDrainStackTargetSize                   = 64                                        {product} {ergonomic}
   size_t InitialHeapSize                          = 232783872                                 {product} {ergonomic}
   size_t MarkStackSize                            = 4194304                                   {product} {ergonomic}
   size_t MaxHeapSize                              = 2147483648                                {product} {command line}
   size_t MaxNewSize                               = 1287651328                                {product} {ergonomic}
   size_t MinHeapDeltaBytes                        = 1048576                                   {product} {ergonomic}
   size_t MinHeapSize                              = 8388608                                   {product} {ergonomic}
    uintx NonNMethodCodeHeapSize                   = 7602480                                {pd product} {ergonomic}
    uintx NonProfiledCodeHeapSize                  = 122027880                              {pd product} {ergonomic}
    uintx ProfiledCodeHeapSize                     = 122027880                              {pd product} {ergonomic}
    uintx ReservedCodeCacheSize                    = 251658240                              {pd product} {ergonomic}
     bool SegmentedCodeCache                       = true                                      {product} {ergonomic}
   size_t SoftMaxHeapSize                          = 2147483648                             {manageable} {ergonomic}
     bool UseCompressedClassPointers               = true                           {product lp64_product} {ergonomic}
     bool UseCompressedOops                        = true                           {product lp64_product} {ergonomic}
     bool UseG1GC                                  = true                                      {product} {ergonomic}
     bool UseLargePagesIndividualAllocation        = false                                  {pd product} {ergonomic}

Logging:
Log output configuration:
 #0: stdout all=warning uptime,level,tags
 #1: stderr all=off uptime,level,tags

Environment Variables:
PATH=C:\Program Files\Common Files\Oracle\Java\javapath;C:\Program Files (x86)\NVIDIA Corporation\PhysX\Common;C:\WINDOWS\system32;C:\WINDOWS;C:\WINDOWS\System32\Wbem;C:\WINDOWS\System32\WindowsPowerShell\v1.0\;C:\WINDOWS\System32\OpenSSH\;C:\Program Files (x86)\HP\Common\HPDestPlgIn\;C:\Program Files\dotnet\;C:\Program Files\Git\cmd;C:\Users\lenovo\AppData\Local\Programs\Python\Python312\Scripts\;C:\Users\lenovo\AppData\Local\Programs\Python\Python312\;C:\Users\lenovo\AppData\Local\Microsoft\WindowsApps;C:\Program Files (x86)\HP\Common\HPDestPlgIn\;C:\Users\lenovo\AppData\Local\Programs\Microsoft VS Code\bin;C:\Users\lenovo\.dotnet\tools
USERNAME=lenovo
OS=Windows_NT
PROCESSOR_IDENTIFIER=AMD64 Family 23 Model 104 Stepping 1, AuthenticAMD
TMP=C:\Users\lenovo\AppData\Local\Temp
TEMP=C:\Users\lenovo\AppData\Local\Temp


JNI global refs:
JNI global refs: 33, weak refs: 0

JNI global refs memory usage: 843, weak refs: 841

OOME stack traces (most recent first):
Classloader memory used:
Loader org.gradle.internal.classloader.VisitableURLClassLoader                         : 3296K
Loader bootstrap                                                                       : 2438K
Loader org.gradle.initialization.MixInLegacyTypesClassLoader                           : 970K
Loader org.gradle.internal.classloader.VisitableURLClassLoader$InstrumentingVisitableURLClassLoader: 128K
Loader org.gradle.internal.classloader.VisitableURLClassLoader                         : 73930B
Loader jdk.internal.loader.ClassLoaders$PlatformClassLoader                            : 66575B
Loader jdk.internal.loader.ClassLoaders$AppClassLoader                                 : 28352B
Loader jdk.internal.reflect.DelegatingClassLoader                                      : 27158B
Loader org.gradle.groovy.scripts.internal.DefaultScriptCompilationHandler$ScriptClassLoader: 18857B
Loader org.codehaus.groovy.runtime.callsite.CallSiteClassLoader                        : 8238B

Classes loaded by more than one classloader:
Class org.gradle.internal.Cast                                                        : loaded 3 times (x 69B)
Class org.gradle.api.GradleException                                                  : loaded 3 times (x 80B)
Class org.jetbrains.plugins.gradle.model.MavenRepositoryModel                         : loaded 2 times (x 68B)
Class com.google.common.collect.SingletonImmutableList                                : loaded 2 times (x 167B)
Class org.gradle.internal.classpath.ClassPath                                         : loaded 2 times (x 68B)
Class org.gradle.api.internal.classpath.DefaultModuleRegistry                         : loaded 2 times (x 84B)
Class com.google.common.base.CharMatcher$JavaDigit                                    : loaded 2 times (x 109B)
Class com.google.common.base.CharMatcher$Digit                                        : loaded 2 times (x 110B)
Class com.intellij.openapi.externalSystem.model.ExternalSystemException               : loaded 2 times (x 84B)
Class org.gradle.api.Action                                                           : loaded 2 times (x 68B)
Class org.jetbrains.kotlin.idea.gradleTooling.model.samWithReceiver.SamWithReceiverModel: loaded 2 times (x 68B)
Class com.google.common.collect.Lists$StringAsImmutableList                           : loaded 2 times (x 167B)
Class org.jetbrains.plugins.gradle.model.ExternalProject                              : loaded 2 times (x 68B)
Class org.jetbrains.plugins.gradle.model.IntelliJSettings                             : loaded 2 times (x 68B)
Class com.google.common.base.CharMatcher                                              : loaded 2 times (x 109B)
Class com.google.common.base.CharMatcher$IsNot                                        : loaded 2 times (x 109B)
Class com.google.common.base.Splitter                                                 : loaded 2 times (x 70B)
Class org.jetbrains.kotlin.idea.gradleTooling.KotlinMPPGradleModel                    : loaded 2 times (x 68B)
Class org.gradle.api.internal.DefaultClassPathProvider                                : loaded 2 times (x 74B)
Class org.gradle.internal.installation.GradleInstallation$1                           : loaded 2 times (x 73B)
Class com.google.common.base.CharMatcher$BitSetMatcher                                : loaded 2 times (x 110B)
Class org.gradle.internal.exceptions.DefaultMultiCauseException                       : loaded 2 times (x 85B)
Class org.gradle.tooling.model.UnsupportedMethodException                             : loaded 2 times (x 80B)
Class org.gradle.util.GradleVersion                                                   : loaded 2 times (x 81B)
Class org.gradle.internal.time.MonotonicClock                                         : loaded 2 times (x 75B)
Class com.google.common.base.Predicate                                                : loaded 2 times (x 68B)
Class org.gradle.internal.classloader.FilteringClassLoader                            : loaded 2 times (x 102B)
Class org.gradle.tooling.model.Model                                                  : loaded 2 times (x 68B)
Class org.gradle.internal.classpath.DefaultClassPath$ImmutableUniqueList$Builder      : loaded 2 times (x 73B)
Class com.google.common.base.CharMatcher$InRange                                      : loaded 2 times (x 109B)
Class org.jetbrains.kotlin.idea.gradleTooling.KotlinSourceSetContainer                : loaded 2 times (x 68B)
Class com.google.common.collect.Lists                                                 : loaded 2 times (x 69B)
Class org.gradle.internal.classloader.ClassLoaderVisitor                              : loaded 2 times (x 74B)
Class org.gradle.internal.time.DefaultCountdownTimer                                  : loaded 2 times (x 86B)
Class org.gradle.internal.service.DefaultServiceLocator                               : loaded 2 times (x 81B)
Class org.gradle.internal.service.UnknownServiceException                             : loaded 2 times (x 81B)
Class org.jetbrains.plugins.gradle.model.DependencyAccessorsModel                     : loaded 2 times (x 68B)
Class org.gradle.internal.classloader.DefaultClassLoaderFactory                       : loaded 2 times (x 80B)
Class com.google.common.collect.UnmodifiableIterator                                  : loaded 2 times (x 78B)
Class com.google.common.base.CharMatcher$SingleWidth                                  : loaded 2 times (x 110B)
Class org.jetbrains.plugins.gradle.model.GradleExtensions                             : loaded 2 times (x 68B)
Class com.google.common.base.JdkPattern                                               : loaded 2 times (x 73B)
Class settings_1qumdudp68va2iccd4621u5mz$_run_closure1                                : loaded 2 times (x 134B)
Class org.jetbrains.plugins.gradle.model.VersionCatalogsModel                         : loaded 2 times (x 68B)
Class org.gradle.internal.classloader.VisitableURLClassLoader$Spec                    : loaded 2 times (x 72B)
Class org.gradle.tooling.model.ProjectModel                                           : loaded 2 times (x 68B)
Class sync_studio_tooling4_49hlaudeq62o41at6m27tip89                                  : loaded 2 times (x 177B)
Class com.google.common.base.CharMatcher$JavaLetterOrDigit                            : loaded 2 times (x 109B)
Class org.gradle.tooling.internal.gradle.DefaultProjectIdentifier                     : loaded 2 times (x 84B)
Class org.gradle.api.internal.classpath.ModuleRegistry                                : loaded 2 times (x 68B)
Class com.google.common.collect.ImmutableCollection                                   : loaded 2 times (x 123B)
Class org.jetbrains.plugins.gradle.model.RepositoriesModel                            : loaded 2 times (x 68B)
Class org.gradle.api.internal.ClassPathProvider                                       : loaded 2 times (x 68B)
Class org.gradle.internal.classloader.ClasspathUtil$1                                 : loaded 2 times (x 74B)
Class com.google.common.collect.ImmutableList$ReverseImmutableList                    : loaded 2 times (x 168B)
Class sync_studio_tooling4_49hlaudeq62o41at6m27tip89$_run_closure1                    : loaded 2 times (x 134B)
Class org.gradle.internal.classloader.ClassLoaderFactory                              : loaded 2 times (x 68B)
Class com.google.common.collect.ObjectArrays                                          : loaded 2 times (x 69B)
Class com.google.common.collect.ImmutableList                                         : loaded 2 times (x 166B)
Class org.gradle.api.internal.classpath.ManifestUtil                                  : loaded 2 times (x 69B)
Class org.gradle.api.specs.Spec                                                       : loaded 2 times (x 68B)
Class com.google.common.base.CharMatcher$Whitespace                                   : loaded 2 times (x 110B)
Class org.gradle.tooling.internal.gradle.GradleBuildIdentity                          : loaded 2 times (x 68B)
Class ijinit_6e6grcenhymwraqz4y1ly8otr                                                : loaded 2 times (x 177B)
Class com.google.common.base.Preconditions                                            : loaded 2 times (x 69B)
Class org.gradle.internal.IoActions                                                   : loaded 2 times (x 69B)
Class com.google.common.collect.CollectPreconditions                                  : loaded 2 times (x 69B)
Class settings_1qumdudp68va2iccd4621u5mz$_run_closure1$_closure2                      : loaded 2 times (x 134B)
Class com.google.common.collect.AbstractIndexedListIterator                           : loaded 2 times (x 94B)
Class com.google.common.base.CharMatcher$None                                         : loaded 2 times (x 110B)
Class org.gradle.api.internal.classpath.EffectiveClassPath                            : loaded 2 times (x 88B)
Class com.google.common.collect.UnmodifiableListIterator                              : loaded 2 times (x 93B)
Class com.google.common.collect.ImmutableList$1                                       : loaded 2 times (x 95B)
Class com.google.common.base.Splitter$Strategy                                        : loaded 2 times (x 68B)
Class org.jetbrains.kotlin.idea.gradleTooling.model.annotation.AnnotationBasedPluginModel: loaded 2 times (x 68B)
Class org.jetbrains.kotlin.idea.gradleTooling.model.assignment.AssignmentModel        : loaded 2 times (x 68B)
Class org.gradle.internal.installation.CurrentGradleInstallation                      : loaded 2 times (x 71B)
Class org.gradle.internal.agents.InstrumentingClassLoader                             : loaded 2 times (x 68B)
Class org.gradle.internal.installation.CurrentGradleInstallationLocator               : loaded 2 times (x 69B)
Class org.gradle.api.internal.classpath.Module                                        : loaded 2 times (x 68B)
Class com.google.common.base.Splitter$1$1                                             : loaded 2 times (x 84B)
Class org.gradle.internal.service.CachingServiceLocator                               : loaded 2 times (x 80B)
Class org.gradle.internal.time.Timer                                                  : loaded 2 times (x 68B)
Class org.jetbrains.plugins.gradle.model.tests.ExternalTestsModel                     : loaded 2 times (x 68B)
Class org.jetbrains.kotlin.idea.gradleTooling.KotlinDslScriptAdditionalTask           : loaded 2 times (x 68B)
Class org.gradle.internal.classpath.DefaultClassPath                                  : loaded 2 times (x 88B)
Class com.google.common.base.Splitter$SplittingIterator                               : loaded 2 times (x 82B)
Class com.intellij.openapi.externalSystem.model.project.dependencies.ProjectDependencies: loaded 2 times (x 68B)
Class org.jetbrains.kotlin.idea.gradleTooling.PrepareKotlinIdeImportTaskModel         : loaded 2 times (x 68B)
Class org.gradle.internal.impldep.com.google.common.base.Preconditions                : loaded 2 times (x 69B)
Class com.google.common.base.CharMatcher$Is                                           : loaded 2 times (x 109B)
Class com.google.common.collect.RegularImmutableAsList                                : loaded 2 times (x 176B)
Class org.gradle.internal.time.Time                                                   : loaded 2 times (x 69B)
Class org.gradle.internal.time.TimeSource$1                                           : loaded 2 times (x 75B)
Class org.gradle.internal.classloader.SystemClassLoaderSpec                           : loaded 2 times (x 69B)
Class [Lcom.google.common.base.AbstractIterator$State;                                : loaded 2 times (x 67B)
Class com.google.common.base.AbstractIterator                                         : loaded 2 times (x 78B)
Class com.google.common.base.AbstractIterator$1                                       : loaded 2 times (x 69B)
Class kotlin.Function                                                                 : loaded 2 times (x 68B)
Class com.google.common.base.CharMatcher$1                                            : loaded 2 times (x 111B)
Class com.google.common.base.CharMatcher$Ascii                                        : loaded 2 times (x 110B)
Class org.gradle.api.UncheckedIOException                                             : loaded 2 times (x 80B)
Class com.google.common.base.CharMatcher$And                                          : loaded 2 times (x 110B)
Class com.google.common.base.CharMatcher$Any                                          : loaded 2 times (x 110B)
Class com.google.common.base.CharMatcher$RangesMatcher                                : loaded 2 times (x 110B)
Class org.gradle.tooling.internal.gradle.GradleProjectIdentity                        : loaded 2 times (x 68B)
Class com.google.common.collect.ImmutableList$SubList                                 : loaded 2 times (x 168B)
Class org.gradle.internal.time.CountdownTimer                                         : loaded 2 times (x 68B)
Class org.gradle.internal.time.Clock                                                  : loaded 2 times (x 68B)
Class org.gradle.internal.classloader.ClasspathUtil                                   : loaded 2 times (x 69B)
Class org.gradle.tooling.model.BuildIdentifier                                        : loaded 2 times (x 68B)
Class com.google.common.base.Splitter$1                                               : loaded 2 times (x 75B)
Class org.gradle.api.internal.DefaultClassPathRegistry                                : loaded 2 times (x 74B)
Class org.gradle.api.internal.classpath.DefaultModuleRegistry$DefaultModule           : loaded 2 times (x 84B)
Class com.google.common.base.CharMatcher$JavaIsoControl                               : loaded 2 times (x 110B)
Class com.google.common.base.CharMatcher$Or                                           : loaded 2 times (x 110B)
Class org.gradle.internal.time.TimeSource                                             : loaded 2 times (x 68B)
Class org.jetbrains.kotlin.android.synthetic.idea.AndroidExtensionsGradleModel        : loaded 2 times (x 68B)
Class com.google.common.base.CharMatcher$JavaLowerCase                                : loaded 2 times (x 109B)
Class org.gradle.api.internal.classpath.UnknownModuleException                        : loaded 2 times (x 80B)
Class settings_1qumdudp68va2iccd4621u5mz                                              : loaded 2 times (x 177B)
Class com.google.common.base.CommonPattern                                            : loaded 2 times (x 72B)
Class org.jetbrains.plugins.gradle.model.IntelliJProjectSettings                      : loaded 2 times (x 68B)
Class org.gradle.internal.service.ServiceLookupException                              : loaded 2 times (x 80B)
Class org.gradle.cache.GlobalCache                                                    : loaded 2 times (x 68B)
Class org.jetbrains.kotlin.idea.gradleTooling.model.lombok.LombokModel                : loaded 2 times (x 68B)
Class org.gradle.tooling.model.ProjectIdentifier                                      : loaded 2 times (x 68B)
Class com.google.common.base.CharMatcher$NegatedFastMatcher                           : loaded 2 times (x 111B)
Class [Lorg.gradle.api.internal.ClassPathProvider;                                    : loaded 2 times (x 67B)
Class org.gradle.internal.operations.MultipleBuildOperationFailures                   : loaded 2 times (x 85B)
Class org.gradle.util.internal.GUtil                                                  : loaded 2 times (x 69B)
Class org.jetbrains.plugins.gradle.model.AnnotationProcessingModel                    : loaded 2 times (x 68B)
Class org.gradle.internal.classloader.ClassLoaderSpec                                 : loaded 2 times (x 69B)
Class com.google.common.base.NullnessCasts                                            : loaded 2 times (x 69B)
Class com.google.common.base.CharMatcher$Negated                                      : loaded 2 times (x 111B)
Class org.jetbrains.plugins.gradle.model.BuildScriptClasspathModel                    : loaded 2 times (x 68B)
Class com.google.common.base.CharMatcher$ForPredicate                                 : loaded 2 times (x 110B)
Class org.gradle.internal.classloader.VisitableURLClassLoader                         : loaded 2 times (x 114B)
Class org.gradle.internal.installation.GradleInstallation                             : loaded 2 times (x 73B)
Class org.gradle.api.internal.ClassPathRegistry                                       : loaded 2 times (x 68B)
Class org.gradle.internal.classloader.VisitableURLClassLoader$InstrumentingVisitableURLClassLoader: loaded 2 times (x 120B)
Class org.gradle.internal.classloader.ClassLoaderHierarchy                            : loaded 2 times (x 68B)
Class org.gradle.internal.exceptions.MultiCauseException                              : loaded 2 times (x 68B)
Class org.jetbrains.kotlin.idea.gradleTooling.model.parcelize.ParcelizeGradleModel    : loaded 2 times (x 68B)
Class com.google.common.base.AbstractIterator$State                                   : loaded 2 times (x 77B)
Class com.google.common.base.CharMatcher$NamedFastMatcher                             : loaded 2 times (x 110B)
Class org.gradle.internal.InternalTransformer                                         : loaded 2 times (x 68B)
Class org.jetbrains.kotlin.idea.gradleTooling.model.noarg.NoArgModel                  : loaded 2 times (x 68B)
Class org.jetbrains.kotlin.idea.gradleTooling.KotlinGradleModel                       : loaded 2 times (x 68B)
Class org.gradle.tooling.internal.gradle.DefaultBuildIdentifier                       : loaded 2 times (x 77B)
Class org.gradle.internal.service.ServiceLocator                                      : loaded 2 times (x 68B)
Class org.jetbrains.kotlin.idea.gradleTooling.model.allopen.AllOpenModel              : loaded 2 times (x 68B)
Class com.google.common.base.CharMatcher$Invisible                                    : loaded 2 times (x 110B)
Class com.google.common.base.CharMatcher$FastMatcher                                  : loaded 2 times (x 109B)
Class org.gradle.internal.classpath.DefaultClassPath$ImmutableUniqueList              : loaded 2 times (x 159B)
Class org.gradle.internal.time.DefaultTimer                                           : loaded 2 times (x 78B)
Class com.google.common.base.CharMatcher$JavaLetter                                   : loaded 2 times (x 109B)
Class org.gradle.internal.classpath.TransformedClassPath                              : loaded 2 times (x 94B)
Class com.google.common.collect.ImmutableAsList                                       : loaded 2 times (x 169B)
Class com.google.common.base.CharMatcher$AnyOf                                        : loaded 2 times (x 110B)
Class com.google.common.base.CharMatcher$IsEither                                     : loaded 2 times (x 109B)
Class com.google.common.collect.RegularImmutableList                                  : loaded 2 times (x 172B)
Class com.google.common.base.CharMatcher$JavaUpperCase                                : loaded 2 times (x 109B)


---------------  S Y S T E M  ---------------

OS:
 Windows 11 , 64 bit Build 22621 (10.0.22621.3085)
OS uptime: 4 days 0:47 hours
Hyper-V role detected

CPU: total 16 (initial active 16) (16 cores per cpu, 2 threads per core) family 23 model 104 stepping 1 microcode 0x0, cx8, cmov, fxsr, ht, mmx, 3dnowpref, sse, sse2, sse3, ssse3, sse4a, sse4.1, sse4.2, popcnt, lzcnt, tsc, tscinvbit, avx, avx2, aes, clmul, bmi1, bmi2, adx, sha, fma, vzeroupper, clflush, clflushopt, hv

Memory: 4k page, system-wide physical 14181M (2018M free)
TotalPageFile size 17181M (AvailPageFile size 14M)
current process WorkingSet (physical memory assigned to process): 344M, peak: 348M
current process commit charge ("private bytes"): 392M, peak: 418M

vm_info: OpenJDK 64-Bit Server VM (17.0.7+0-b2043.56-10550314) for windows-amd64 JRE (17.0.7+0-b2043.56-10550314), built on Jul 24 2023 18:27:45 by "androidbuild" with MS VC++ 16.10 / 16.11 (VS2019)

END.
