#
# There is insufficient memory for the Java Runtime Environment to continue.
# Native memory allocation (mmap) failed to map 232783872 bytes for G1 virtual space
# Possible reasons:
#   The system is out of physical RAM or swap space
#   The process is running with CompressedOops enabled, and the Java Heap may be blocking the growth of the native heap
# Possible solutions:
#   Reduce memory load on the system
#   Increase physical memory or swap space
#   Check if swap backing store is full
#   Decrease Java heap size (-Xmx/-Xms)
#   Decrease number of Java threads
#   Decrease Java thread stack sizes (-Xss)
#   Set larger code cache with -XX:ReservedCodeCacheSize=
#   JVM is running with Zero Based Compressed Oops mode in which the Java heap is
#     placed in the first 32GB address space. The Java Heap base address is the
#     maximum limit for the native heap growth. Please use -XX:HeapBaseMinAddress
#     to set the Java Heap base and to place the Java Heap above 32GB virtual address.
# This output file may be truncated or incomplete.
#
#  Out of Memory Error (os_windows.cpp:3771), pid=2208, tid=11556
#
# JRE version:  (17.0.7) (build )
# Java VM: OpenJDK 64-Bit Server VM (17.0.7+0-b2043.56-10550314, mixed mode, sharing, tiered, compressed oops, compressed class ptrs, g1 gc, windows-amd64)
# No core dump will be written. Minidumps are not enabled by default on client versions of Windows
#

---------------  S U M M A R Y ------------

Command Line: git4idea.http.GitAskPassApp Password for 'https://DPetunia@github.com': 

Host: AMD Ryzen 7 5700U with Radeon Graphics         , 16 cores, 13G,  Windows 11 , 64 bit Build 22621 (10.0.22621.3085)
Time: Tue Mar 12 23:23:51 2024 Malay Peninsula Standard Time elapsed time: 0.012704 seconds (0d 0h 0m 0s)

---------------  T H R E A D  ---------------

Current thread (0x00000242618ee850):  JavaThread "Unknown thread" [_thread_in_vm, id=11556, stack(0x0000009be5500000,0x0000009be5600000)]

Stack: [0x0000009be5500000,0x0000009be5600000]
Native frames: (J=compiled Java code, j=interpreted, Vv=VM code, C=native code)
V  [jvm.dll+0x683bfa]
V  [jvm.dll+0x8430a4]
V  [jvm.dll+0x8449be]
V  [jvm.dll+0x845023]
V  [jvm.dll+0x24ad2f]
V  [jvm.dll+0x680ac9]
V  [jvm.dll+0x67519a]
V  [jvm.dll+0x30b3cb]
V  [jvm.dll+0x312876]
V  [jvm.dll+0x36221e]
V  [jvm.dll+0x36244f]
V  [jvm.dll+0x2e14a8]
V  [jvm.dll+0x2e2414]
V  [jvm.dll+0x814391]
V  [jvm.dll+0x36ffe1]
V  [jvm.dll+0x7f396c]
V  [jvm.dll+0x3f305f]
V  [jvm.dll+0x3f4b91]
C  [jli.dll+0x528f]
C  [ucrtbase.dll+0x29363]
C  [KERNEL32.DLL+0x1257d]
C  [ntdll.dll+0x5aa58]


---------------  P R O C E S S  ---------------

Threads class SMR info:
_java_thread_list=0x00007ffd36e7d098, length=0, elements={
}

Java Threads: ( => current thread )

Other Threads:
  0x00000242619514a0 GCTaskThread "GC Thread#0" [stack: 0x0000009be5600000,0x0000009be5700000] [id=16040]
  0x0000024261960170 ConcurrentGCThread "G1 Main Marker" [stack: 0x0000009be5700000,0x0000009be5800000] [id=14128]
  0x0000024261960b80 ConcurrentGCThread "G1 Conc#0" [stack: 0x0000009be5800000,0x0000009be5900000] [id=20736]

[error occurred during error reporting (printing all threads), id 0xc0000005, EXCEPTION_ACCESS_VIOLATION (0xc0000005) at pc=0x00007ffd36632087]

VM state: not at safepoint (not fully initialized)

VM Mutex/Monitor currently owned by a thread:  ([mutex/lock_event])
[0x00000242618ea2f0] Heap_lock - owner thread: 0x00000242618ee850

Heap address: 0x0000000722600000, size: 3546 MB, Compressed Oops mode: Zero based, Oop shift amount: 3

CDS archive(s) mapped at: [0x0000000000000000-0x0000000000000000-0x0000000000000000), size 0, SharedBaseAddress: 0x0000000800000000, ArchiveRelocationMode: 0.
Narrow klass base: 0x0000000000000000, Narrow klass shift: 0, Narrow klass range: 0x0

GC Precious Log:
<Empty>

Heap:
 garbage-first heap   total 0K, used 0K [0x0000000722600000, 0x0000000800000000)
  region size 2048K, 0 young (0K), 0 survivors (0K)
 Metaspace       used 0K, committed 0K, reserved 0K
  class space    used 0K, committed 0K, reserved 0K

Heap Regions: E=young(eden), S=young(survivor), O=old, HS=humongous(starts), HC=humongous(continues), CS=collection set, F=free, OA=open archive, CA=closed archive, TAMS=top-at-mark-start (previous, next)

Card table byte_map: [0x0000024276c40000,0x0000024277330000] _byte_map_base: 0x000002427332d000

Marking Bits (Prev, Next): (CMBitMap*) 0x0000024261951ab0, (CMBitMap*) 0x0000024261951af0
 Prev Bits: [0x0000024277a20000, 0x000002427b188000)
 Next Bits: [0x000002427b190000, 0x000002427e8f8000)

GC Heap History (0 events):
No events

Dll operation events (1 events):
Event: 0.008 Loaded shared library C:\Program Files\Android\Android Studio\jbr\bin\java.dll

Deoptimization events (0 events):
No events

Classes unloaded (0 events):
No events

Classes redefined (0 events):
No events

Internal exceptions (0 events):
No events

VM Operations (0 events):
No events

Events (0 events):
No events


Dynamic libraries:
0x00007ff61d930000 - 0x00007ff61d93a000 	C:\Program Files\Android\Android Studio\jbr\bin\java.exe
0x00007ffdcc690000 - 0x00007ffdcc8a7000 	C:\WINDOWS\SYSTEM32\ntdll.dll
0x00007ffdcb9c0000 - 0x00007ffdcba84000 	C:\WINDOWS\System32\KERNEL32.DLL
0x00007ffdc9bb0000 - 0x00007ffdc9f56000 	C:\WINDOWS\System32\KERNELBASE.dll
0x00007ffdc9a90000 - 0x00007ffdc9ba1000 	C:\WINDOWS\System32\ucrtbase.dll
0x00007ffd84350000 - 0x00007ffd84367000 	C:\Program Files\Android\Android Studio\jbr\bin\jli.dll
0x00007ffdb6ef0000 - 0x00007ffdb6f0b000 	C:\Program Files\Android\Android Studio\jbr\bin\VCRUNTIME140.dll
0x00007ffdcc370000 - 0x00007ffdcc51e000 	C:\WINDOWS\System32\USER32.dll
0x00007ffdc9f60000 - 0x00007ffdc9f86000 	C:\WINDOWS\System32\win32u.dll
0x00007ffdaad80000 - 0x00007ffdab013000 	C:\WINDOWS\WinSxS\amd64_microsoft.windows.common-controls_6595b64144ccf1df_6.0.22621.2506_none_270c5ae97388e100\COMCTL32.dll
0x00007ffdcb0b0000 - 0x00007ffdcb157000 	C:\WINDOWS\System32\msvcrt.dll
0x00007ffdcc1a0000 - 0x00007ffdcc1c9000 	C:\WINDOWS\System32\GDI32.dll
0x00007ffdc9f90000 - 0x00007ffdca0a8000 	C:\WINDOWS\System32\gdi32full.dll
0x00007ffdca0e0000 - 0x00007ffdca17a000 	C:\WINDOWS\System32\msvcp_win.dll
0x00007ffdcaf20000 - 0x00007ffdcaf51000 	C:\WINDOWS\System32\IMM32.DLL
0x00007ffdc4a70000 - 0x00007ffdc4a7c000 	C:\Program Files\Android\Android Studio\jbr\bin\vcruntime140_1.dll
0x00007ffd9a5e0000 - 0x00007ffd9a66d000 	C:\Program Files\Android\Android Studio\jbr\bin\msvcp140.dll
0x00007ffd36340000 - 0x00007ffd36fc0000 	C:\Program Files\Android\Android Studio\jbr\bin\server\jvm.dll
0x00007ffdcafe0000 - 0x00007ffdcb093000 	C:\WINDOWS\System32\ADVAPI32.dll
0x00007ffdcc520000 - 0x00007ffdcc5c8000 	C:\WINDOWS\System32\sechost.dll
0x00007ffdca0b0000 - 0x00007ffdca0d8000 	C:\WINDOWS\System32\bcrypt.dll
0x00007ffdca3e0000 - 0x00007ffdca4f7000 	C:\WINDOWS\System32\RPCRT4.dll
0x00007ffda8010000 - 0x00007ffda8019000 	C:\WINDOWS\SYSTEM32\WSOCK32.dll
0x00007ffdcc5d0000 - 0x00007ffdcc641000 	C:\WINDOWS\System32\WS2_32.dll
0x00007ffdbf900000 - 0x00007ffdbf934000 	C:\WINDOWS\SYSTEM32\WINMM.dll
0x00007ffdc2610000 - 0x00007ffdc261a000 	C:\WINDOWS\SYSTEM32\VERSION.dll
0x00007ffdc89e0000 - 0x00007ffdc89f8000 	C:\WINDOWS\SYSTEM32\kernel.appcore.dll
0x00007ffda5980000 - 0x00007ffda598a000 	C:\Program Files\Android\Android Studio\jbr\bin\jimage.dll
0x00007ffdc7160000 - 0x00007ffdc7393000 	C:\WINDOWS\SYSTEM32\DBGHELP.DLL
0x00007ffdcbd10000 - 0x00007ffdcc099000 	C:\WINDOWS\System32\combase.dll
0x00007ffdcc0c0000 - 0x00007ffdcc197000 	C:\WINDOWS\System32\OLEAUT32.dll
0x00007ffdb2560000 - 0x00007ffdb2592000 	C:\WINDOWS\SYSTEM32\dbgcore.DLL
0x00007ffdca360000 - 0x00007ffdca3da000 	C:\WINDOWS\System32\bcryptPrimitives.dll
0x00007ffd65060000 - 0x00007ffd65085000 	C:\Program Files\Android\Android Studio\jbr\bin\java.dll

dbghelp: loaded successfully - version: 4.0.5 - missing functions: none
symbol engine: initialized successfully - sym options: 0x614 - pdb path: .;C:\Program Files\Android\Android Studio\jbr\bin;C:\WINDOWS\SYSTEM32;C:\WINDOWS\WinSxS\amd64_microsoft.windows.common-controls_6595b64144ccf1df_6.0.22621.2506_none_270c5ae97388e100;C:\Program Files\Android\Android Studio\jbr\bin\server

VM Arguments:
java_command: git4idea.http.GitAskPassApp Password for 'https://DPetunia@github.com': 
java_class_path (initial): C:/Program Files/Android/Android Studio/plugins/vcs-git/lib/git4idea-rt.jar;C:/Program Files/Android/Android Studio/lib/externalProcess-rt.jar
Launcher Type: SUN_STANDARD

[Global flags]
     intx CICompilerCount                          = 12                                        {product} {ergonomic}
     uint ConcGCThreads                            = 3                                         {product} {ergonomic}
     uint G1ConcRefinementThreads                  = 13                                        {product} {ergonomic}
   size_t G1HeapRegionSize                         = 2097152                                   {product} {ergonomic}
    uintx GCDrainStackTargetSize                   = 64                                        {product} {ergonomic}
   size_t InitialHeapSize                          = 232783872                                 {product} {ergonomic}
   size_t MarkStackSize                            = 4194304                                   {product} {ergonomic}
   size_t MaxHeapSize                              = 3718250496                                {product} {ergonomic}
   size_t MinHeapDeltaBytes                        = 2097152                                   {product} {ergonomic}
   size_t MinHeapSize                              = 8388608                                   {product} {ergonomic}
    uintx NonNMethodCodeHeapSize                   = 7602480                                {pd product} {ergonomic}
    uintx NonProfiledCodeHeapSize                  = 122027880                              {pd product} {ergonomic}
    uintx ProfiledCodeHeapSize                     = 122027880                              {pd product} {ergonomic}
    uintx ReservedCodeCacheSize                    = 251658240                              {pd product} {ergonomic}
     bool SegmentedCodeCache                       = true                                      {product} {ergonomic}
   size_t SoftMaxHeapSize                          = 3718250496                             {manageable} {ergonomic}
     bool UseCompressedClassPointers               = true                           {product lp64_product} {ergonomic}
     bool UseCompressedOops                        = true                           {product lp64_product} {ergonomic}
     bool UseG1GC                                  = true                                      {product} {ergonomic}
     bool UseLargePagesIndividualAllocation        = false                                  {pd product} {ergonomic}

Logging:
Log output configuration:
 #0: stdout all=warning uptime,level,tags
 #1: stderr all=off uptime,level,tags

Environment Variables:
PATH=C:/Program Files/Git/mingw64/libexec/git-core;C:/Program Files/Git/mingw64/libexec/git-core;C:\Program Files\Git\mingw64\bin;C:\Program Files\Git\usr\bin;C:\Users\lenovo\bin;C:\Program Files\Common Files\Oracle\Java\javapath;C:\Program Files (x86)\NVIDIA Corporation\PhysX\Common;C:\WINDOWS\system32;C:\WINDOWS;C:\WINDOWS\System32\Wbem;C:\WINDOWS\System32\WindowsPowerShell\v1.0\;C:\WINDOWS\System32\OpenSSH\;C:\Program Files (x86)\HP\Common\HPDestPlgIn\;C:\Program Files\dotnet\;C:\Program Files\Git\cmd;C:\Users\lenovo\AppData\Local\Programs\Python\Python312\Scripts\;C:\Users\lenovo\AppData\Local\Programs\Python\Python312\;C:\Users\lenovo\AppData\Local\Microsoft\WindowsApps;C:\Program Files (x86)\HP\Common\HPDestPlgIn\;C:\Users\lenovo\AppData\Local\Programs\Microsoft VS Code\bin;C:\Users\lenovo\.dotnet\tools
USERNAME=lenovo
DISPLAY=:0.0
LC_ALL=en_US.UTF-8
TERM=xterm-256color
TMPDIR=C:\Users\lenovo\AppData\Local\Temp
OS=Windows_NT
PROCESSOR_IDENTIFIER=AMD64 Family 23 Model 104 Stepping 1, AuthenticAMD
TMP=C:\Users\lenovo\AppData\Local\Temp
TEMP=C:\Users\lenovo\AppData\Local\Temp


JNI global refs:
JNI global refs: 0, weak refs: 0

JNI global refs memory usage: 0, weak refs: 0

OOME stack traces (most recent first):
Classloader memory used:


---------------  S Y S T E M  ---------------

OS:
 Windows 11 , 64 bit Build 22621 (10.0.22621.3085)
OS uptime: 6 days 10:55 hours
Hyper-V role detected

CPU: total 16 (initial active 16) (16 cores per cpu, 2 threads per core) family 23 model 104 stepping 1 microcode 0x0, cx8, cmov, fxsr, ht, mmx, 3dnowpref, sse, sse2, sse3, ssse3, sse4a, sse4.1, sse4.2, popcnt, lzcnt, tsc, tscinvbit, avx, avx2, aes, clmul, bmi1, bmi2, adx, sha, fma, vzeroupper, clflush, clflushopt, hv

Memory: 4k page, system-wide physical 14181M (878M free)
TotalPageFile size 17181M (AvailPageFile size 140M)
current process WorkingSet (physical memory assigned to process): 11M, peak: 11M
current process commit charge ("private bytes"): 70M, peak: 292M

vm_info: OpenJDK 64-Bit Server VM (17.0.7+0-b2043.56-10550314) for windows-amd64 JRE (17.0.7+0-b2043.56-10550314), built on Jul 24 2023 18:27:45 by "androidbuild" with MS VC++ 16.10 / 16.11 (VS2019)

END.
